{"/Users/wilsonmacstudio/Documents/TwinEngine/server/db.ts": {"path":"/Users/wilsonmacstudio/Documents/TwinEngine/server/db.ts","all":true,"statementMap":{"0":{"start":{"line":1,"column":0},"end":{"line":1,"column":26}},"4":{"start":{"line":5,"column":0},"end":{"line":5,"column":32}},"5":{"start":{"line":6,"column":0},"end":{"line":6,"column":18}},"6":{"start":{"line":7,"column":0},"end":{"line":7,"column":72}},"7":{"start":{"line":8,"column":0},"end":{"line":8,"column":4}},"8":{"start":{"line":9,"column":0},"end":{"line":9,"column":1}},"10":{"start":{"line":11,"column":0},"end":{"line":11,"column":77}},"11":{"start":{"line":12,"column":0},"end":{"line":12,"column":44}}},"s":{"0":0,"4":0,"5":0,"6":0,"7":0,"8":0,"10":0,"11":0},"branchMap":{"0":{"type":"branch","line":1,"loc":{"start":{"line":1,"column":0},"end":{"line":12,"column":-87}},"locations":[{"start":{"line":1,"column":0},"end":{"line":12,"column":-87}}]}},"b":{"0":[0]},"fnMap":{"0":{"name":"(empty-report)","decl":{"start":{"line":1,"column":0},"end":{"line":12,"column":-87}},"loc":{"start":{"line":1,"column":0},"end":{"line":12,"column":-87}},"line":1}},"f":{"0":0}}
,"/Users/wilsonmacstudio/Documents/TwinEngine/server/index.ts": {"path":"/Users/wilsonmacstudio/Documents/TwinEngine/server/index.ts","all":true,"statementMap":{"0":{"start":{"line":1,"column":0},"end":{"line":1,"column":72}},"5":{"start":{"line":6,"column":0},"end":{"line":6,"column":22}},"6":{"start":{"line":7,"column":0},"end":{"line":7,"column":37}},"14":{"start":{"line":15,"column":0},"end":{"line":15,"column":8}},"15":{"start":{"line":16,"column":0},"end":{"line":16,"column":16}},"16":{"start":{"line":17,"column":0},"end":{"line":17,"column":33}},"17":{"start":{"line":18,"column":0},"end":{"line":18,"column":24}},"18":{"start":{"line":19,"column":0},"end":{"line":19,"column":6}},"19":{"start":{"line":20,"column":0},"end":{"line":20,"column":5}},"20":{"start":{"line":21,"column":0},"end":{"line":21,"column":2}},"22":{"start":{"line":23,"column":0},"end":{"line":23,"column":49}},"24":{"start":{"line":25,"column":0},"end":{"line":25,"column":58}},"25":{"start":{"line":26,"column":0},"end":{"line":26,"column":64}},"26":{"start":{"line":27,"column":0},"end":{"line":27,"column":20}},"27":{"start":{"line":28,"column":0},"end":{"line":28,"column":22}},"28":{"start":{"line":29,"column":0},"end":{"line":29,"column":22}},"29":{"start":{"line":30,"column":0},"end":{"line":30,"column":17}},"30":{"start":{"line":31,"column":0},"end":{"line":31,"column":5}},"32":{"start":{"line":33,"column":0},"end":{"line":33,"column":57}},"33":{"start":{"line":34,"column":0},"end":{"line":34,"column":1}},"35":{"start":{"line":36,"column":0},"end":{"line":36,"column":29}},"36":{"start":{"line":37,"column":0},"end":{"line":37,"column":27}},"37":{"start":{"line":38,"column":0},"end":{"line":38,"column":24}},"38":{"start":{"line":39,"column":0},"end":{"line":39,"column":72}},"40":{"start":{"line":41,"column":0},"end":{"line":41,"column":35}},"41":{"start":{"line":42,"column":0},"end":{"line":42,"column":43}},"42":{"start":{"line":43,"column":0},"end":{"line":43,"column":36}},"43":{"start":{"line":44,"column":0},"end":{"line":44,"column":59}},"44":{"start":{"line":45,"column":0},"end":{"line":45,"column":4}},"46":{"start":{"line":47,"column":0},"end":{"line":47,"column":26}},"47":{"start":{"line":48,"column":0},"end":{"line":48,"column":40}},"48":{"start":{"line":49,"column":0},"end":{"line":49,"column":34}},"49":{"start":{"line":50,"column":0},"end":{"line":50,"column":79}},"50":{"start":{"line":51,"column":0},"end":{"line":51,"column":33}},"51":{"start":{"line":52,"column":0},"end":{"line":52,"column":65}},"52":{"start":{"line":53,"column":0},"end":{"line":53,"column":7}},"54":{"start":{"line":55,"column":0},"end":{"line":55,"column":19}},"55":{"start":{"line":56,"column":0},"end":{"line":56,"column":5}},"56":{"start":{"line":57,"column":0},"end":{"line":57,"column":5}},"58":{"start":{"line":59,"column":0},"end":{"line":59,"column":9}},"59":{"start":{"line":60,"column":0},"end":{"line":60,"column":3}},"61":{"start":{"line":62,"column":0},"end":{"line":62,"column":14}},"62":{"start":{"line":63,"column":0},"end":{"line":63,"column":40}},"64":{"start":{"line":65,"column":0},"end":{"line":65,"column":76}},"65":{"start":{"line":66,"column":0},"end":{"line":66,"column":55}},"66":{"start":{"line":67,"column":0},"end":{"line":67,"column":59}},"68":{"start":{"line":69,"column":0},"end":{"line":69,"column":41}},"69":{"start":{"line":70,"column":0},"end":{"line":70,"column":14}},"70":{"start":{"line":71,"column":0},"end":{"line":71,"column":5}},"75":{"start":{"line":76,"column":0},"end":{"line":76,"column":46}},"76":{"start":{"line":77,"column":0},"end":{"line":77,"column":21}},"77":{"start":{"line":78,"column":0},"end":{"line":78,"column":10}},"78":{"start":{"line":79,"column":0},"end":{"line":79,"column":49}},"79":{"start":{"line":80,"column":0},"end":{"line":80,"column":37}},"80":{"start":{"line":81,"column":0},"end":{"line":81,"column":3}},"82":{"start":{"line":83,"column":0},"end":{"line":83,"column":56}},"83":{"start":{"line":84,"column":0},"end":{"line":84,"column":33}},"84":{"start":{"line":85,"column":0},"end":{"line":85,"column":35}},"85":{"start":{"line":86,"column":0},"end":{"line":86,"column":5}},"86":{"start":{"line":87,"column":0},"end":{"line":87,"column":5}}},"s":{"0":0,"5":0,"6":0,"14":0,"15":0,"16":0,"17":0,"18":0,"19":0,"20":0,"22":0,"24":0,"25":0,"26":0,"27":0,"28":0,"29":0,"30":0,"32":0,"33":0,"35":0,"36":0,"37":0,"38":0,"40":0,"41":0,"42":0,"43":0,"44":0,"46":0,"47":0,"48":0,"49":0,"50":0,"51":0,"52":0,"54":0,"55":0,"56":0,"58":0,"59":0,"61":0,"62":0,"64":0,"65":0,"66":0,"68":0,"69":0,"70":0,"75":0,"76":0,"77":0,"78":0,"79":0,"80":0,"82":0,"83":0,"84":0,"85":0,"86":0},"branchMap":{"0":{"type":"branch","line":1,"loc":{"start":{"line":1,"column":0},"end":{"line":87,"column":-166}},"locations":[{"start":{"line":1,"column":0},"end":{"line":87,"column":-166}}]}},"b":{"0":[0]},"fnMap":{"0":{"name":"(empty-report)","decl":{"start":{"line":1,"column":0},"end":{"line":87,"column":-166}},"loc":{"start":{"line":1,"column":0},"end":{"line":87,"column":-166}},"line":1}},"f":{"0":0}}
,"/Users/wilsonmacstudio/Documents/TwinEngine/server/routes.ts": {"path":"/Users/wilsonmacstudio/Documents/TwinEngine/server/routes.ts","all":true,"statementMap":{"0":{"start":{"line":1,"column":0},"end":{"line":1,"column":39}},"13":{"start":{"line":14,"column":0},"end":{"line":14,"column":37}},"14":{"start":{"line":15,"column":0},"end":{"line":15,"column":21}},"15":{"start":{"line":16,"column":0},"end":{"line":16,"column":14}},"16":{"start":{"line":17,"column":0},"end":{"line":17,"column":20}},"18":{"start":{"line":19,"column":0},"end":{"line":19,"column":7}},"19":{"start":{"line":20,"column":0},"end":{"line":20,"column":35}},"20":{"start":{"line":21,"column":0},"end":{"line":21,"column":19}},"21":{"start":{"line":22,"column":0},"end":{"line":22,"column":52}},"22":{"start":{"line":23,"column":0},"end":{"line":23,"column":3}},"25":{"start":{"line":26,"column":0},"end":{"line":26,"column":44}},"26":{"start":{"line":27,"column":0},"end":{"line":27,"column":9}},"27":{"start":{"line":28,"column":0},"end":{"line":28,"column":46}},"30":{"start":{"line":31,"column":0},"end":{"line":31,"column":31}},"31":{"start":{"line":32,"column":0},"end":{"line":32,"column":23}},"32":{"start":{"line":33,"column":0},"end":{"line":33,"column":31}},"33":{"start":{"line":34,"column":0},"end":{"line":34,"column":40}},"34":{"start":{"line":35,"column":0},"end":{"line":35,"column":9}},"36":{"start":{"line":37,"column":0},"end":{"line":37,"column":21}},"37":{"start":{"line":38,"column":0},"end":{"line":38,"column":21}},"38":{"start":{"line":39,"column":0},"end":{"line":39,"column":51}},"39":{"start":{"line":40,"column":0},"end":{"line":40,"column":62}},"40":{"start":{"line":41,"column":0},"end":{"line":41,"column":5}},"41":{"start":{"line":42,"column":0},"end":{"line":42,"column":5}},"43":{"start":{"line":44,"column":0},"end":{"line":44,"column":48}},"44":{"start":{"line":45,"column":0},"end":{"line":45,"column":9}},"45":{"start":{"line":46,"column":0},"end":{"line":46,"column":58}},"46":{"start":{"line":47,"column":0},"end":{"line":47,"column":17}},"47":{"start":{"line":48,"column":0},"end":{"line":48,"column":64}},"48":{"start":{"line":49,"column":0},"end":{"line":49,"column":7}},"51":{"start":{"line":52,"column":0},"end":{"line":52,"column":31}},"52":{"start":{"line":53,"column":0},"end":{"line":53,"column":23}},"53":{"start":{"line":54,"column":0},"end":{"line":54,"column":34}},"54":{"start":{"line":55,"column":0},"end":{"line":55,"column":25}},"55":{"start":{"line":56,"column":0},"end":{"line":56,"column":76}},"56":{"start":{"line":57,"column":0},"end":{"line":57,"column":9}},"58":{"start":{"line":59,"column":0},"end":{"line":59,"column":20}},"59":{"start":{"line":60,"column":0},"end":{"line":60,"column":21}},"60":{"start":{"line":61,"column":0},"end":{"line":61,"column":50}},"61":{"start":{"line":62,"column":0},"end":{"line":62,"column":61}},"62":{"start":{"line":63,"column":0},"end":{"line":63,"column":5}},"63":{"start":{"line":64,"column":0},"end":{"line":64,"column":5}},"65":{"start":{"line":66,"column":0},"end":{"line":66,"column":53}},"66":{"start":{"line":67,"column":0},"end":{"line":67,"column":9}},"67":{"start":{"line":68,"column":0},"end":{"line":68,"column":60}},"68":{"start":{"line":69,"column":0},"end":{"line":69,"column":17}},"69":{"start":{"line":70,"column":0},"end":{"line":70,"column":64}},"70":{"start":{"line":71,"column":0},"end":{"line":71,"column":7}},"71":{"start":{"line":72,"column":0},"end":{"line":72,"column":20}},"72":{"start":{"line":73,"column":0},"end":{"line":73,"column":21}},"73":{"start":{"line":74,"column":0},"end":{"line":74,"column":57}},"74":{"start":{"line":75,"column":0},"end":{"line":75,"column":61}},"75":{"start":{"line":76,"column":0},"end":{"line":76,"column":5}},"76":{"start":{"line":77,"column":0},"end":{"line":77,"column":5}},"78":{"start":{"line":79,"column":0},"end":{"line":79,"column":52}},"79":{"start":{"line":80,"column":0},"end":{"line":80,"column":9}},"80":{"start":{"line":81,"column":0},"end":{"line":81,"column":62}},"81":{"start":{"line":82,"column":0},"end":{"line":82,"column":33}},"82":{"start":{"line":83,"column":0},"end":{"line":83,"column":76}},"83":{"start":{"line":84,"column":0},"end":{"line":84,"column":7}},"84":{"start":{"line":85,"column":0},"end":{"line":85,"column":62}},"85":{"start":{"line":86,"column":0},"end":{"line":86,"column":21}},"86":{"start":{"line":87,"column":0},"end":{"line":87,"column":21}},"87":{"start":{"line":88,"column":0},"end":{"line":88,"column":52}},"88":{"start":{"line":89,"column":0},"end":{"line":89,"column":63}},"89":{"start":{"line":90,"column":0},"end":{"line":90,"column":5}},"90":{"start":{"line":91,"column":0},"end":{"line":91,"column":5}},"93":{"start":{"line":94,"column":0},"end":{"line":94,"column":56}},"94":{"start":{"line":95,"column":0},"end":{"line":95,"column":9}},"95":{"start":{"line":96,"column":0},"end":{"line":96,"column":62}},"96":{"start":{"line":97,"column":0},"end":{"line":97,"column":78}},"99":{"start":{"line":100,"column":0},"end":{"line":100,"column":31}},"100":{"start":{"line":101,"column":0},"end":{"line":101,"column":35}},"101":{"start":{"line":102,"column":0},"end":{"line":102,"column":34}},"102":{"start":{"line":103,"column":0},"end":{"line":103,"column":32}},"103":{"start":{"line":104,"column":0},"end":{"line":104,"column":60}},"104":{"start":{"line":105,"column":0},"end":{"line":105,"column":9}},"106":{"start":{"line":107,"column":0},"end":{"line":107,"column":28}},"107":{"start":{"line":108,"column":0},"end":{"line":108,"column":21}},"108":{"start":{"line":109,"column":0},"end":{"line":109,"column":58}},"109":{"start":{"line":110,"column":0},"end":{"line":110,"column":69}},"110":{"start":{"line":111,"column":0},"end":{"line":111,"column":5}},"111":{"start":{"line":112,"column":0},"end":{"line":112,"column":5}},"114":{"start":{"line":115,"column":0},"end":{"line":115,"column":56}},"115":{"start":{"line":116,"column":0},"end":{"line":116,"column":9}},"116":{"start":{"line":117,"column":0},"end":{"line":117,"column":77}},"117":{"start":{"line":118,"column":0},"end":{"line":118,"column":33}},"118":{"start":{"line":119,"column":0},"end":{"line":119,"column":38}},"119":{"start":{"line":120,"column":0},"end":{"line":120,"column":49}},"120":{"start":{"line":121,"column":0},"end":{"line":121,"column":44}},"121":{"start":{"line":122,"column":0},"end":{"line":122,"column":11}},"122":{"start":{"line":123,"column":0},"end":{"line":123,"column":7}},"123":{"start":{"line":124,"column":0},"end":{"line":124,"column":70}},"124":{"start":{"line":125,"column":0},"end":{"line":125,"column":23}},"125":{"start":{"line":126,"column":0},"end":{"line":126,"column":21}},"126":{"start":{"line":127,"column":0},"end":{"line":127,"column":56}},"127":{"start":{"line":128,"column":0},"end":{"line":128,"column":66}},"128":{"start":{"line":129,"column":0},"end":{"line":129,"column":5}},"129":{"start":{"line":130,"column":0},"end":{"line":130,"column":5}},"131":{"start":{"line":132,"column":0},"end":{"line":132,"column":59}},"132":{"start":{"line":133,"column":0},"end":{"line":133,"column":9}},"133":{"start":{"line":134,"column":0},"end":{"line":134,"column":59}},"134":{"start":{"line":135,"column":0},"end":{"line":135,"column":24}},"135":{"start":{"line":136,"column":0},"end":{"line":136,"column":21}},"136":{"start":{"line":137,"column":0},"end":{"line":137,"column":65}},"137":{"start":{"line":138,"column":0},"end":{"line":138,"column":76}},"138":{"start":{"line":139,"column":0},"end":{"line":139,"column":5}},"139":{"start":{"line":140,"column":0},"end":{"line":140,"column":5}},"141":{"start":{"line":142,"column":0},"end":{"line":142,"column":55}},"142":{"start":{"line":143,"column":0},"end":{"line":143,"column":9}},"143":{"start":{"line":144,"column":0},"end":{"line":144,"column":72}},"144":{"start":{"line":145,"column":0},"end":{"line":145,"column":24}},"145":{"start":{"line":146,"column":0},"end":{"line":146,"column":71}},"146":{"start":{"line":147,"column":0},"end":{"line":147,"column":7}},"147":{"start":{"line":148,"column":0},"end":{"line":148,"column":27}},"148":{"start":{"line":149,"column":0},"end":{"line":149,"column":21}},"149":{"start":{"line":150,"column":0},"end":{"line":150,"column":57}},"150":{"start":{"line":151,"column":0},"end":{"line":151,"column":68}},"151":{"start":{"line":152,"column":0},"end":{"line":152,"column":5}},"152":{"start":{"line":153,"column":0},"end":{"line":153,"column":5}},"155":{"start":{"line":156,"column":0},"end":{"line":156,"column":57}},"156":{"start":{"line":157,"column":0},"end":{"line":157,"column":9}},"157":{"start":{"line":158,"column":0},"end":{"line":158,"column":58}},"158":{"start":{"line":159,"column":0},"end":{"line":159,"column":24}},"159":{"start":{"line":160,"column":0},"end":{"line":160,"column":21}},"160":{"start":{"line":161,"column":0},"end":{"line":161,"column":64}},"161":{"start":{"line":162,"column":0},"end":{"line":162,"column":75}},"162":{"start":{"line":163,"column":0},"end":{"line":163,"column":5}},"163":{"start":{"line":164,"column":0},"end":{"line":164,"column":5}},"166":{"start":{"line":167,"column":0},"end":{"line":167,"column":50}},"167":{"start":{"line":168,"column":0},"end":{"line":168,"column":9}},"168":{"start":{"line":169,"column":0},"end":{"line":169,"column":63}},"169":{"start":{"line":170,"column":0},"end":{"line":170,"column":53}},"170":{"start":{"line":171,"column":0},"end":{"line":171,"column":21}},"171":{"start":{"line":172,"column":0},"end":{"line":172,"column":21}},"172":{"start":{"line":173,"column":0},"end":{"line":173,"column":57}},"173":{"start":{"line":174,"column":0},"end":{"line":174,"column":68}},"174":{"start":{"line":175,"column":0},"end":{"line":175,"column":5}},"175":{"start":{"line":176,"column":0},"end":{"line":176,"column":5}},"178":{"start":{"line":179,"column":0},"end":{"line":179,"column":51}},"179":{"start":{"line":180,"column":0},"end":{"line":180,"column":9}},"180":{"start":{"line":181,"column":0},"end":{"line":181,"column":46}},"183":{"start":{"line":184,"column":0},"end":{"line":184,"column":31}},"184":{"start":{"line":185,"column":0},"end":{"line":185,"column":25}},"185":{"start":{"line":186,"column":0},"end":{"line":186,"column":31}},"186":{"start":{"line":187,"column":0},"end":{"line":187,"column":56}},"187":{"start":{"line":188,"column":0},"end":{"line":188,"column":9}},"189":{"start":{"line":190,"column":0},"end":{"line":190,"column":56}},"190":{"start":{"line":191,"column":0},"end":{"line":191,"column":83}},"191":{"start":{"line":192,"column":0},"end":{"line":192,"column":21}},"192":{"start":{"line":193,"column":0},"end":{"line":193,"column":21}},"193":{"start":{"line":194,"column":0},"end":{"line":194,"column":52}},"194":{"start":{"line":195,"column":0},"end":{"line":195,"column":67}},"195":{"start":{"line":196,"column":0},"end":{"line":196,"column":5}},"196":{"start":{"line":197,"column":0},"end":{"line":197,"column":5}},"200":{"start":{"line":201,"column":0},"end":{"line":201,"column":48}},"201":{"start":{"line":202,"column":0},"end":{"line":202,"column":9}},"202":{"start":{"line":203,"column":0},"end":{"line":203,"column":73}},"203":{"start":{"line":204,"column":0},"end":{"line":204,"column":33}},"204":{"start":{"line":205,"column":0},"end":{"line":205,"column":38}},"205":{"start":{"line":206,"column":0},"end":{"line":206,"column":46}},"206":{"start":{"line":207,"column":0},"end":{"line":207,"column":44}},"207":{"start":{"line":208,"column":0},"end":{"line":208,"column":11}},"208":{"start":{"line":209,"column":0},"end":{"line":209,"column":7}},"209":{"start":{"line":210,"column":0},"end":{"line":210,"column":71}},"210":{"start":{"line":211,"column":0},"end":{"line":211,"column":22}},"211":{"start":{"line":212,"column":0},"end":{"line":212,"column":21}},"212":{"start":{"line":213,"column":0},"end":{"line":213,"column":60}},"213":{"start":{"line":214,"column":0},"end":{"line":214,"column":72}},"214":{"start":{"line":215,"column":0},"end":{"line":215,"column":5}},"215":{"start":{"line":216,"column":0},"end":{"line":216,"column":5}},"217":{"start":{"line":218,"column":0},"end":{"line":218,"column":47}},"218":{"start":{"line":219,"column":0},"end":{"line":219,"column":9}},"219":{"start":{"line":220,"column":0},"end":{"line":220,"column":58}},"220":{"start":{"line":221,"column":0},"end":{"line":221,"column":62}},"221":{"start":{"line":222,"column":0},"end":{"line":222,"column":66}},"222":{"start":{"line":223,"column":0},"end":{"line":223,"column":23}},"223":{"start":{"line":224,"column":0},"end":{"line":224,"column":21}},"224":{"start":{"line":225,"column":0},"end":{"line":225,"column":61}},"225":{"start":{"line":226,"column":0},"end":{"line":226,"column":72}},"226":{"start":{"line":227,"column":0},"end":{"line":227,"column":5}},"227":{"start":{"line":228,"column":0},"end":{"line":228,"column":5}},"229":{"start":{"line":230,"column":0},"end":{"line":230,"column":61}},"230":{"start":{"line":231,"column":0},"end":{"line":231,"column":9}},"231":{"start":{"line":232,"column":0},"end":{"line":232,"column":72}},"232":{"start":{"line":233,"column":0},"end":{"line":233,"column":99}},"233":{"start":{"line":234,"column":0},"end":{"line":234,"column":77}},"234":{"start":{"line":235,"column":0},"end":{"line":235,"column":7}},"235":{"start":{"line":236,"column":0},"end":{"line":236,"column":55}},"236":{"start":{"line":237,"column":0},"end":{"line":237,"column":22}},"237":{"start":{"line":238,"column":0},"end":{"line":238,"column":30}},"238":{"start":{"line":239,"column":0},"end":{"line":239,"column":29}},"239":{"start":{"line":240,"column":0},"end":{"line":240,"column":8}},"240":{"start":{"line":241,"column":0},"end":{"line":241,"column":19}},"241":{"start":{"line":242,"column":0},"end":{"line":242,"column":74}},"242":{"start":{"line":243,"column":0},"end":{"line":243,"column":7}},"243":{"start":{"line":244,"column":0},"end":{"line":244,"column":22}},"244":{"start":{"line":245,"column":0},"end":{"line":245,"column":21}},"245":{"start":{"line":246,"column":0},"end":{"line":246,"column":63}},"246":{"start":{"line":247,"column":0},"end":{"line":247,"column":66}},"247":{"start":{"line":248,"column":0},"end":{"line":248,"column":5}},"248":{"start":{"line":249,"column":0},"end":{"line":249,"column":5}},"252":{"start":{"line":253,"column":0},"end":{"line":253,"column":56}},"253":{"start":{"line":254,"column":0},"end":{"line":254,"column":9}},"254":{"start":{"line":255,"column":0},"end":{"line":255,"column":80}},"255":{"start":{"line":256,"column":0},"end":{"line":256,"column":33}},"256":{"start":{"line":257,"column":0},"end":{"line":257,"column":38}},"257":{"start":{"line":258,"column":0},"end":{"line":258,"column":53}},"258":{"start":{"line":259,"column":0},"end":{"line":259,"column":44}},"259":{"start":{"line":260,"column":0},"end":{"line":260,"column":11}},"260":{"start":{"line":261,"column":0},"end":{"line":261,"column":7}},"261":{"start":{"line":262,"column":0},"end":{"line":262,"column":76}},"262":{"start":{"line":263,"column":0},"end":{"line":263,"column":25}},"263":{"start":{"line":264,"column":0},"end":{"line":264,"column":21}},"264":{"start":{"line":265,"column":0},"end":{"line":265,"column":61}},"265":{"start":{"line":266,"column":0},"end":{"line":266,"column":82}},"266":{"start":{"line":267,"column":0},"end":{"line":267,"column":5}},"267":{"start":{"line":268,"column":0},"end":{"line":268,"column":5}},"269":{"start":{"line":270,"column":0},"end":{"line":270,"column":55}},"270":{"start":{"line":271,"column":0},"end":{"line":271,"column":9}},"271":{"start":{"line":272,"column":0},"end":{"line":272,"column":62}},"272":{"start":{"line":273,"column":0},"end":{"line":273,"column":72}},"273":{"start":{"line":274,"column":0},"end":{"line":274,"column":26}},"274":{"start":{"line":275,"column":0},"end":{"line":275,"column":21}},"275":{"start":{"line":276,"column":0},"end":{"line":276,"column":62}},"276":{"start":{"line":277,"column":0},"end":{"line":277,"column":82}},"277":{"start":{"line":278,"column":0},"end":{"line":278,"column":5}},"278":{"start":{"line":279,"column":0},"end":{"line":279,"column":5}},"280":{"start":{"line":281,"column":0},"end":{"line":281,"column":59}},"281":{"start":{"line":282,"column":0},"end":{"line":282,"column":9}},"282":{"start":{"line":283,"column":0},"end":{"line":283,"column":74}},"283":{"start":{"line":284,"column":0},"end":{"line":284,"column":22}},"284":{"start":{"line":285,"column":0},"end":{"line":285,"column":84}},"285":{"start":{"line":286,"column":0},"end":{"line":286,"column":7}},"286":{"start":{"line":287,"column":0},"end":{"line":287,"column":25}},"287":{"start":{"line":288,"column":0},"end":{"line":288,"column":21}},"288":{"start":{"line":289,"column":0},"end":{"line":289,"column":61}},"289":{"start":{"line":290,"column":0},"end":{"line":290,"column":81}},"290":{"start":{"line":291,"column":0},"end":{"line":291,"column":5}},"291":{"start":{"line":292,"column":0},"end":{"line":292,"column":5}},"295":{"start":{"line":296,"column":0},"end":{"line":296,"column":49}},"296":{"start":{"line":297,"column":0},"end":{"line":297,"column":9}},"297":{"start":{"line":298,"column":0},"end":{"line":298,"column":67}},"298":{"start":{"line":299,"column":0},"end":{"line":299,"column":33}},"299":{"start":{"line":300,"column":0},"end":{"line":300,"column":38}},"300":{"start":{"line":301,"column":0},"end":{"line":301,"column":44}},"301":{"start":{"line":302,"column":0},"end":{"line":302,"column":44}},"302":{"start":{"line":303,"column":0},"end":{"line":303,"column":11}},"303":{"start":{"line":304,"column":0},"end":{"line":304,"column":7}},"304":{"start":{"line":305,"column":0},"end":{"line":305,"column":70}},"305":{"start":{"line":306,"column":0},"end":{"line":306,"column":25}},"306":{"start":{"line":307,"column":0},"end":{"line":307,"column":21}},"307":{"start":{"line":308,"column":0},"end":{"line":308,"column":57}},"308":{"start":{"line":309,"column":0},"end":{"line":309,"column":82}},"309":{"start":{"line":310,"column":0},"end":{"line":310,"column":5}},"310":{"start":{"line":311,"column":0},"end":{"line":311,"column":5}},"312":{"start":{"line":313,"column":0},"end":{"line":313,"column":56}},"313":{"start":{"line":314,"column":0},"end":{"line":314,"column":9}},"314":{"start":{"line":315,"column":0},"end":{"line":315,"column":62}},"315":{"start":{"line":316,"column":0},"end":{"line":316,"column":61}},"316":{"start":{"line":317,"column":0},"end":{"line":317,"column":24}},"317":{"start":{"line":318,"column":0},"end":{"line":318,"column":21}},"318":{"start":{"line":319,"column":0},"end":{"line":319,"column":63}},"319":{"start":{"line":320,"column":0},"end":{"line":320,"column":71}},"320":{"start":{"line":321,"column":0},"end":{"line":321,"column":5}},"321":{"start":{"line":322,"column":0},"end":{"line":322,"column":5}},"325":{"start":{"line":326,"column":0},"end":{"line":326,"column":60}},"326":{"start":{"line":327,"column":0},"end":{"line":327,"column":9}},"327":{"start":{"line":328,"column":0},"end":{"line":328,"column":64}},"328":{"start":{"line":329,"column":0},"end":{"line":329,"column":20}},"329":{"start":{"line":330,"column":0},"end":{"line":330,"column":38}},"330":{"start":{"line":331,"column":0},"end":{"line":331,"column":9}},"331":{"start":{"line":332,"column":0},"end":{"line":332,"column":33}},"332":{"start":{"line":333,"column":0},"end":{"line":333,"column":38}},"333":{"start":{"line":334,"column":0},"end":{"line":334,"column":46}},"334":{"start":{"line":335,"column":0},"end":{"line":335,"column":44}},"335":{"start":{"line":336,"column":0},"end":{"line":336,"column":11}},"336":{"start":{"line":337,"column":0},"end":{"line":337,"column":7}},"337":{"start":{"line":338,"column":0},"end":{"line":338,"column":66}},"338":{"start":{"line":339,"column":0},"end":{"line":339,"column":19}},"339":{"start":{"line":340,"column":0},"end":{"line":340,"column":74}},"340":{"start":{"line":341,"column":0},"end":{"line":341,"column":7}},"341":{"start":{"line":342,"column":0},"end":{"line":342,"column":22}},"342":{"start":{"line":343,"column":0},"end":{"line":343,"column":21}},"343":{"start":{"line":344,"column":0},"end":{"line":344,"column":55}},"344":{"start":{"line":345,"column":0},"end":{"line":345,"column":66}},"345":{"start":{"line":346,"column":0},"end":{"line":346,"column":5}},"346":{"start":{"line":347,"column":0},"end":{"line":347,"column":5}},"348":{"start":{"line":349,"column":0},"end":{"line":349,"column":57}},"349":{"start":{"line":350,"column":0},"end":{"line":350,"column":9}},"350":{"start":{"line":351,"column":0},"end":{"line":351,"column":73}},"351":{"start":{"line":352,"column":0},"end":{"line":352,"column":33}},"352":{"start":{"line":353,"column":0},"end":{"line":353,"column":38}},"353":{"start":{"line":354,"column":0},"end":{"line":354,"column":49}},"354":{"start":{"line":355,"column":0},"end":{"line":355,"column":44}},"355":{"start":{"line":356,"column":0},"end":{"line":356,"column":11}},"356":{"start":{"line":357,"column":0},"end":{"line":357,"column":7}},"357":{"start":{"line":358,"column":0},"end":{"line":358,"column":76}},"358":{"start":{"line":359,"column":0},"end":{"line":359,"column":27}},"359":{"start":{"line":360,"column":0},"end":{"line":360,"column":21}},"360":{"start":{"line":361,"column":0},"end":{"line":361,"column":62}},"361":{"start":{"line":362,"column":0},"end":{"line":362,"column":72}},"362":{"start":{"line":363,"column":0},"end":{"line":363,"column":5}},"363":{"start":{"line":364,"column":0},"end":{"line":364,"column":5}},"365":{"start":{"line":366,"column":0},"end":{"line":366,"column":56}},"366":{"start":{"line":367,"column":0},"end":{"line":367,"column":9}},"367":{"start":{"line":368,"column":0},"end":{"line":368,"column":62}},"368":{"start":{"line":369,"column":0},"end":{"line":369,"column":67}},"369":{"start":{"line":370,"column":0},"end":{"line":370,"column":28}},"370":{"start":{"line":371,"column":0},"end":{"line":371,"column":21}},"371":{"start":{"line":372,"column":0},"end":{"line":372,"column":64}},"372":{"start":{"line":373,"column":0},"end":{"line":373,"column":75}},"373":{"start":{"line":374,"column":0},"end":{"line":374,"column":5}},"374":{"start":{"line":375,"column":0},"end":{"line":375,"column":5}},"376":{"start":{"line":377,"column":0},"end":{"line":377,"column":52}},"377":{"start":{"line":378,"column":0},"end":{"line":378,"column":9}},"378":{"start":{"line":379,"column":0},"end":{"line":379,"column":60}},"379":{"start":{"line":380,"column":0},"end":{"line":380,"column":24}},"380":{"start":{"line":381,"column":0},"end":{"line":381,"column":21}},"381":{"start":{"line":382,"column":0},"end":{"line":382,"column":59}},"382":{"start":{"line":383,"column":0},"end":{"line":383,"column":78}},"383":{"start":{"line":384,"column":0},"end":{"line":384,"column":5}},"384":{"start":{"line":385,"column":0},"end":{"line":385,"column":5}},"386":{"start":{"line":387,"column":0},"end":{"line":387,"column":20}},"387":{"start":{"line":388,"column":0},"end":{"line":388,"column":1}}},"s":{"0":0,"13":0,"14":0,"15":0,"16":0,"18":0,"19":0,"20":0,"21":0,"22":0,"25":0,"26":0,"27":0,"30":0,"31":0,"32":0,"33":0,"34":0,"36":0,"37":0,"38":0,"39":0,"40":0,"41":0,"43":0,"44":0,"45":0,"46":0,"47":0,"48":0,"51":0,"52":0,"53":0,"54":0,"55":0,"56":0,"58":0,"59":0,"60":0,"61":0,"62":0,"63":0,"65":0,"66":0,"67":0,"68":0,"69":0,"70":0,"71":0,"72":0,"73":0,"74":0,"75":0,"76":0,"78":0,"79":0,"80":0,"81":0,"82":0,"83":0,"84":0,"85":0,"86":0,"87":0,"88":0,"89":0,"90":0,"93":0,"94":0,"95":0,"96":0,"99":0,"100":0,"101":0,"102":0,"103":0,"104":0,"106":0,"107":0,"108":0,"109":0,"110":0,"111":0,"114":0,"115":0,"116":0,"117":0,"118":0,"119":0,"120":0,"121":0,"122":0,"123":0,"124":0,"125":0,"126":0,"127":0,"128":0,"129":0,"131":0,"132":0,"133":0,"134":0,"135":0,"136":0,"137":0,"138":0,"139":0,"141":0,"142":0,"143":0,"144":0,"145":0,"146":0,"147":0,"148":0,"149":0,"150":0,"151":0,"152":0,"155":0,"156":0,"157":0,"158":0,"159":0,"160":0,"161":0,"162":0,"163":0,"166":0,"167":0,"168":0,"169":0,"170":0,"171":0,"172":0,"173":0,"174":0,"175":0,"178":0,"179":0,"180":0,"183":0,"184":0,"185":0,"186":0,"187":0,"189":0,"190":0,"191":0,"192":0,"193":0,"194":0,"195":0,"196":0,"200":0,"201":0,"202":0,"203":0,"204":0,"205":0,"206":0,"207":0,"208":0,"209":0,"210":0,"211":0,"212":0,"213":0,"214":0,"215":0,"217":0,"218":0,"219":0,"220":0,"221":0,"222":0,"223":0,"224":0,"225":0,"226":0,"227":0,"229":0,"230":0,"231":0,"232":0,"233":0,"234":0,"235":0,"236":0,"237":0,"238":0,"239":0,"240":0,"241":0,"242":0,"243":0,"244":0,"245":0,"246":0,"247":0,"248":0,"252":0,"253":0,"254":0,"255":0,"256":0,"257":0,"258":0,"259":0,"260":0,"261":0,"262":0,"263":0,"264":0,"265":0,"266":0,"267":0,"269":0,"270":0,"271":0,"272":0,"273":0,"274":0,"275":0,"276":0,"277":0,"278":0,"280":0,"281":0,"282":0,"283":0,"284":0,"285":0,"286":0,"287":0,"288":0,"289":0,"290":0,"291":0,"295":0,"296":0,"297":0,"298":0,"299":0,"300":0,"301":0,"302":0,"303":0,"304":0,"305":0,"306":0,"307":0,"308":0,"309":0,"310":0,"312":0,"313":0,"314":0,"315":0,"316":0,"317":0,"318":0,"319":0,"320":0,"321":0,"325":0,"326":0,"327":0,"328":0,"329":0,"330":0,"331":0,"332":0,"333":0,"334":0,"335":0,"336":0,"337":0,"338":0,"339":0,"340":0,"341":0,"342":0,"343":0,"344":0,"345":0,"346":0,"348":0,"349":0,"350":0,"351":0,"352":0,"353":0,"354":0,"355":0,"356":0,"357":0,"358":0,"359":0,"360":0,"361":0,"362":0,"363":0,"365":0,"366":0,"367":0,"368":0,"369":0,"370":0,"371":0,"372":0,"373":0,"374":0,"376":0,"377":0,"378":0,"379":0,"380":0,"381":0,"382":0,"383":0,"384":0,"386":0,"387":0},"branchMap":{"0":{"type":"branch","line":1,"loc":{"start":{"line":1,"column":12714},"end":{"line":388,"column":1}},"locations":[{"start":{"line":1,"column":12714},"end":{"line":388,"column":1}}]}},"b":{"0":[0]},"fnMap":{"0":{"name":"(empty-report)","decl":{"start":{"line":1,"column":12714},"end":{"line":388,"column":1}},"loc":{"start":{"line":1,"column":12714},"end":{"line":388,"column":1}},"line":1}},"f":{"0":0}}
,"/Users/wilsonmacstudio/Documents/TwinEngine/server/static.ts": {"path":"/Users/wilsonmacstudio/Documents/TwinEngine/server/static.ts","all":true,"statementMap":{"0":{"start":{"line":1,"column":0},"end":{"line":1,"column":48}},"4":{"start":{"line":5,"column":0},"end":{"line":5,"column":43}},"5":{"start":{"line":6,"column":0},"end":{"line":6,"column":53}},"6":{"start":{"line":7,"column":0},"end":{"line":7,"column":33}},"7":{"start":{"line":8,"column":0},"end":{"line":8,"column":20}},"8":{"start":{"line":9,"column":0},"end":{"line":9,"column":93}},"9":{"start":{"line":10,"column":0},"end":{"line":10,"column":6}},"10":{"start":{"line":11,"column":0},"end":{"line":11,"column":3}},"12":{"start":{"line":13,"column":0},"end":{"line":13,"column":36}},"15":{"start":{"line":16,"column":0},"end":{"line":16,"column":31}},"16":{"start":{"line":17,"column":0},"end":{"line":17,"column":55}},"17":{"start":{"line":18,"column":0},"end":{"line":18,"column":5}},"18":{"start":{"line":19,"column":0},"end":{"line":19,"column":1}}},"s":{"0":0,"4":0,"5":0,"6":0,"7":0,"8":0,"9":0,"10":0,"12":0,"15":0,"16":0,"17":0,"18":0},"branchMap":{"0":{"type":"branch","line":1,"loc":{"start":{"line":1,"column":0},"end":{"line":19,"column":-203}},"locations":[{"start":{"line":1,"column":0},"end":{"line":19,"column":-203}}]}},"b":{"0":[0]},"fnMap":{"0":{"name":"(empty-report)","decl":{"start":{"line":1,"column":0},"end":{"line":19,"column":-203}},"loc":{"start":{"line":1,"column":0},"end":{"line":19,"column":-203}},"line":1}},"f":{"0":0}}
,"/Users/wilsonmacstudio/Documents/TwinEngine/server/storage.ts": {"path":"/Users/wilsonmacstudio/Documents/TwinEngine/server/storage.ts","all":true,"statementMap":{"0":{"start":{"line":1,"column":0},"end":{"line":1,"column":36}},"96":{"start":{"line":97,"column":0},"end":{"line":97,"column":47}},"97":{"start":{"line":98,"column":0},"end":{"line":98,"column":52}},"99":{"start":{"line":100,"column":0},"end":{"line":100,"column":71}},"100":{"start":{"line":101,"column":0},"end":{"line":101,"column":68}},"102":{"start":{"line":103,"column":0},"end":{"line":103,"column":49}},"103":{"start":{"line":104,"column":0},"end":{"line":104,"column":46}},"105":{"start":{"line":106,"column":0},"end":{"line":106,"column":20}},"106":{"start":{"line":107,"column":0},"end":{"line":107,"column":82}},"107":{"start":{"line":108,"column":0},"end":{"line":108,"column":84}},"108":{"start":{"line":109,"column":0},"end":{"line":109,"column":84}},"109":{"start":{"line":110,"column":0},"end":{"line":110,"column":83}},"110":{"start":{"line":111,"column":0},"end":{"line":111,"column":2}},"112":{"start":{"line":113,"column":0},"end":{"line":113,"column":19}},"113":{"start":{"line":114,"column":0},"end":{"line":114,"column":80}},"114":{"start":{"line":115,"column":0},"end":{"line":115,"column":82}},"115":{"start":{"line":116,"column":0},"end":{"line":116,"column":79}},"116":{"start":{"line":117,"column":0},"end":{"line":117,"column":82}},"117":{"start":{"line":118,"column":0},"end":{"line":118,"column":2}},"119":{"start":{"line":120,"column":0},"end":{"line":120,"column":23}},"120":{"start":{"line":121,"column":0},"end":{"line":121,"column":80}},"121":{"start":{"line":122,"column":0},"end":{"line":122,"column":81}},"122":{"start":{"line":123,"column":0},"end":{"line":123,"column":77}},"123":{"start":{"line":124,"column":0},"end":{"line":124,"column":77}},"124":{"start":{"line":125,"column":0},"end":{"line":125,"column":2}},"126":{"start":{"line":127,"column":0},"end":{"line":127,"column":16}},"127":{"start":{"line":128,"column":0},"end":{"line":128,"column":36}},"128":{"start":{"line":129,"column":0},"end":{"line":129,"column":39}},"129":{"start":{"line":130,"column":0},"end":{"line":130,"column":35}},"130":{"start":{"line":131,"column":0},"end":{"line":131,"column":35}},"131":{"start":{"line":132,"column":0},"end":{"line":132,"column":35}},"132":{"start":{"line":133,"column":0},"end":{"line":133,"column":40}},"133":{"start":{"line":134,"column":0},"end":{"line":134,"column":39}},"134":{"start":{"line":135,"column":0},"end":{"line":135,"column":37}},"135":{"start":{"line":136,"column":0},"end":{"line":136,"column":34}},"136":{"start":{"line":137,"column":0},"end":{"line":137,"column":36}},"137":{"start":{"line":138,"column":0},"end":{"line":138,"column":34}},"138":{"start":{"line":139,"column":0},"end":{"line":139,"column":34}},"139":{"start":{"line":140,"column":0},"end":{"line":140,"column":35}},"140":{"start":{"line":141,"column":0},"end":{"line":141,"column":34}},"141":{"start":{"line":142,"column":0},"end":{"line":142,"column":35}},"142":{"start":{"line":143,"column":0},"end":{"line":143,"column":2}},"144":{"start":{"line":145,"column":0},"end":{"line":145,"column":100}},"146":{"start":{"line":147,"column":0},"end":{"line":147,"column":60}},"147":{"start":{"line":148,"column":0},"end":{"line":148,"column":37}},"148":{"start":{"line":149,"column":0},"end":{"line":149,"column":12}},"149":{"start":{"line":150,"column":0},"end":{"line":150,"column":29}},"150":{"start":{"line":151,"column":0},"end":{"line":151,"column":31}},"151":{"start":{"line":152,"column":0},"end":{"line":152,"column":19}},"152":{"start":{"line":153,"column":0},"end":{"line":153,"column":19}},"153":{"start":{"line":154,"column":0},"end":{"line":154,"column":20}},"154":{"start":{"line":155,"column":0},"end":{"line":155,"column":20}},"155":{"start":{"line":156,"column":0},"end":{"line":156,"column":21}},"156":{"start":{"line":157,"column":0},"end":{"line":157,"column":11}},"157":{"start":{"line":158,"column":0},"end":{"line":158,"column":7}},"158":{"start":{"line":159,"column":0},"end":{"line":159,"column":35}},"159":{"start":{"line":160,"column":0},"end":{"line":160,"column":38}},"160":{"start":{"line":161,"column":0},"end":{"line":161,"column":6}},"161":{"start":{"line":162,"column":0},"end":{"line":162,"column":1}},"163":{"start":{"line":164,"column":0},"end":{"line":164,"column":57}},"164":{"start":{"line":165,"column":0},"end":{"line":165,"column":35}},"165":{"start":{"line":166,"column":0},"end":{"line":166,"column":39}},"167":{"start":{"line":168,"column":0},"end":{"line":168,"column":43}},"168":{"start":{"line":169,"column":0},"end":{"line":169,"column":10}},"169":{"start":{"line":170,"column":0},"end":{"line":170,"column":54}},"170":{"start":{"line":171,"column":0},"end":{"line":171,"column":75}},"171":{"start":{"line":172,"column":0},"end":{"line":172,"column":6}},"172":{"start":{"line":173,"column":0},"end":{"line":173,"column":1}},"175":{"start":{"line":176,"column":0},"end":{"line":176,"column":78}},"176":{"start":{"line":177,"column":0},"end":{"line":177,"column":10}},"177":{"start":{"line":178,"column":0},"end":{"line":178,"column":15}},"178":{"start":{"line":179,"column":0},"end":{"line":179,"column":17}},"179":{"start":{"line":180,"column":0},"end":{"line":180,"column":29}},"180":{"start":{"line":181,"column":0},"end":{"line":181,"column":27}},"181":{"start":{"line":182,"column":0},"end":{"line":182,"column":42}},"182":{"start":{"line":183,"column":0},"end":{"line":183,"column":27}},"183":{"start":{"line":184,"column":0},"end":{"line":184,"column":36}},"184":{"start":{"line":185,"column":0},"end":{"line":185,"column":35}},"185":{"start":{"line":186,"column":0},"end":{"line":186,"column":19}},"186":{"start":{"line":187,"column":0},"end":{"line":187,"column":21}},"187":{"start":{"line":188,"column":0},"end":{"line":188,"column":55}},"188":{"start":{"line":189,"column":0},"end":{"line":189,"column":56}},"189":{"start":{"line":190,"column":0},"end":{"line":190,"column":47}},"190":{"start":{"line":191,"column":0},"end":{"line":191,"column":41}},"191":{"start":{"line":192,"column":0},"end":{"line":192,"column":39}},"192":{"start":{"line":193,"column":0},"end":{"line":193,"column":39}},"193":{"start":{"line":194,"column":0},"end":{"line":194,"column":43}},"194":{"start":{"line":195,"column":0},"end":{"line":195,"column":51}},"195":{"start":{"line":196,"column":0},"end":{"line":196,"column":29}},"196":{"start":{"line":197,"column":0},"end":{"line":197,"column":47}},"197":{"start":{"line":198,"column":0},"end":{"line":198,"column":4}},"198":{"start":{"line":199,"column":0},"end":{"line":199,"column":1}},"200":{"start":{"line":201,"column":0},"end":{"line":201,"column":96}},"201":{"start":{"line":202,"column":0},"end":{"line":202,"column":10}},"202":{"start":{"line":203,"column":0},"end":{"line":203,"column":15}},"203":{"start":{"line":204,"column":0},"end":{"line":204,"column":31}},"204":{"start":{"line":205,"column":0},"end":{"line":205,"column":35}},"205":{"start":{"line":206,"column":0},"end":{"line":206,"column":57}},"206":{"start":{"line":207,"column":0},"end":{"line":207,"column":53}},"207":{"start":{"line":208,"column":0},"end":{"line":208,"column":41}},"208":{"start":{"line":209,"column":0},"end":{"line":209,"column":39}},"209":{"start":{"line":210,"column":0},"end":{"line":210,"column":58}},"210":{"start":{"line":211,"column":0},"end":{"line":211,"column":41}},"211":{"start":{"line":212,"column":0},"end":{"line":212,"column":47}},"212":{"start":{"line":213,"column":0},"end":{"line":213,"column":31}},"213":{"start":{"line":214,"column":0},"end":{"line":214,"column":35}},"214":{"start":{"line":215,"column":0},"end":{"line":215,"column":4}},"215":{"start":{"line":216,"column":0},"end":{"line":216,"column":1}},"217":{"start":{"line":218,"column":0},"end":{"line":218,"column":72}},"218":{"start":{"line":219,"column":0},"end":{"line":219,"column":10}},"219":{"start":{"line":220,"column":0},"end":{"line":220,"column":15}},"220":{"start":{"line":221,"column":0},"end":{"line":221,"column":23}},"221":{"start":{"line":222,"column":0},"end":{"line":222,"column":31}},"222":{"start":{"line":223,"column":0},"end":{"line":223,"column":27}},"223":{"start":{"line":224,"column":0},"end":{"line":224,"column":59}},"224":{"start":{"line":225,"column":0},"end":{"line":225,"column":23}},"225":{"start":{"line":226,"column":0},"end":{"line":226,"column":29}},"226":{"start":{"line":227,"column":0},"end":{"line":227,"column":43}},"227":{"start":{"line":228,"column":0},"end":{"line":228,"column":4}},"228":{"start":{"line":229,"column":0},"end":{"line":229,"column":1}},"231":{"start":{"line":232,"column":0},"end":{"line":232,"column":29}},"232":{"start":{"line":233,"column":0},"end":{"line":233,"column":37}},"233":{"start":{"line":234,"column":0},"end":{"line":234,"column":18}},"234":{"start":{"line":235,"column":0},"end":{"line":235,"column":75}},"236":{"start":{"line":237,"column":0},"end":{"line":237,"column":51}},"237":{"start":{"line":238,"column":0},"end":{"line":238,"column":15}},"238":{"start":{"line":239,"column":0},"end":{"line":239,"column":19}},"239":{"start":{"line":240,"column":0},"end":{"line":240,"column":17}},"240":{"start":{"line":241,"column":0},"end":{"line":241,"column":20}},"241":{"start":{"line":242,"column":0},"end":{"line":242,"column":20}},"242":{"start":{"line":243,"column":0},"end":{"line":243,"column":15}},"243":{"start":{"line":244,"column":0},"end":{"line":244,"column":4}},"245":{"start":{"line":246,"column":0},"end":{"line":246,"column":50}},"246":{"start":{"line":247,"column":0},"end":{"line":247,"column":21}},"247":{"start":{"line":248,"column":0},"end":{"line":248,"column":21}},"248":{"start":{"line":249,"column":0},"end":{"line":249,"column":24}},"249":{"start":{"line":250,"column":0},"end":{"line":250,"column":15}},"250":{"start":{"line":251,"column":0},"end":{"line":251,"column":4}},"253":{"start":{"line":254,"column":0},"end":{"line":254,"column":23}},"254":{"start":{"line":255,"column":0},"end":{"line":255,"column":119}},"255":{"start":{"line":256,"column":0},"end":{"line":256,"column":54}},"256":{"start":{"line":257,"column":0},"end":{"line":257,"column":53}},"257":{"start":{"line":258,"column":0},"end":{"line":258,"column":33}},"259":{"start":{"line":260,"column":0},"end":{"line":260,"column":12}},"260":{"start":{"line":261,"column":0},"end":{"line":261,"column":34}},"261":{"start":{"line":262,"column":0},"end":{"line":262,"column":17}},"262":{"start":{"line":263,"column":0},"end":{"line":263,"column":54}},"263":{"start":{"line":264,"column":0},"end":{"line":264,"column":39}},"264":{"start":{"line":265,"column":0},"end":{"line":265,"column":6}},"265":{"start":{"line":266,"column":0},"end":{"line":266,"column":5}},"268":{"start":{"line":269,"column":0},"end":{"line":269,"column":44}},"269":{"start":{"line":270,"column":0},"end":{"line":270,"column":42}},"270":{"start":{"line":271,"column":0},"end":{"line":271,"column":54}},"271":{"start":{"line":272,"column":0},"end":{"line":272,"column":63}},"272":{"start":{"line":273,"column":0},"end":{"line":273,"column":62}},"273":{"start":{"line":274,"column":0},"end":{"line":274,"column":59}},"276":{"start":{"line":277,"column":0},"end":{"line":277,"column":50}},"277":{"start":{"line":278,"column":0},"end":{"line":278,"column":47}},"278":{"start":{"line":279,"column":0},"end":{"line":279,"column":44}},"280":{"start":{"line":281,"column":0},"end":{"line":281,"column":112}},"281":{"start":{"line":282,"column":0},"end":{"line":282,"column":91}},"282":{"start":{"line":283,"column":0},"end":{"line":283,"column":99}},"283":{"start":{"line":284,"column":0},"end":{"line":284,"column":77}},"285":{"start":{"line":286,"column":0},"end":{"line":286,"column":37}},"286":{"start":{"line":287,"column":0},"end":{"line":287,"column":93}},"287":{"start":{"line":288,"column":0},"end":{"line":288,"column":4}},"290":{"start":{"line":291,"column":0},"end":{"line":291,"column":32}},"291":{"start":{"line":292,"column":0},"end":{"line":292,"column":30}},"292":{"start":{"line":293,"column":0},"end":{"line":293,"column":27}},"294":{"start":{"line":295,"column":0},"end":{"line":295,"column":42}},"295":{"start":{"line":296,"column":0},"end":{"line":296,"column":66}},"296":{"start":{"line":297,"column":0},"end":{"line":297,"column":60}},"297":{"start":{"line":298,"column":0},"end":{"line":298,"column":50}},"298":{"start":{"line":299,"column":0},"end":{"line":299,"column":4}},"300":{"start":{"line":301,"column":0},"end":{"line":301,"column":10}},"301":{"start":{"line":302,"column":0},"end":{"line":302,"column":28}},"302":{"start":{"line":303,"column":0},"end":{"line":303,"column":26}},"303":{"start":{"line":304,"column":0},"end":{"line":304,"column":20}},"304":{"start":{"line":305,"column":0},"end":{"line":305,"column":19}},"305":{"start":{"line":306,"column":0},"end":{"line":306,"column":52}},"306":{"start":{"line":307,"column":0},"end":{"line":307,"column":23}},"307":{"start":{"line":308,"column":0},"end":{"line":308,"column":15}},"308":{"start":{"line":309,"column":0},"end":{"line":309,"column":4}},"309":{"start":{"line":310,"column":0},"end":{"line":310,"column":1}},"312":{"start":{"line":313,"column":0},"end":{"line":313,"column":79}},"313":{"start":{"line":314,"column":0},"end":{"line":314,"column":16}},"316":{"start":{"line":317,"column":0},"end":{"line":317,"column":53}},"319":{"start":{"line":320,"column":0},"end":{"line":320,"column":43}},"322":{"start":{"line":323,"column":0},"end":{"line":323,"column":49}},"325":{"start":{"line":326,"column":0},"end":{"line":326,"column":93}},"326":{"start":{"line":327,"column":0},"end":{"line":327,"column":57}},"329":{"start":{"line":330,"column":0},"end":{"line":330,"column":73}},"330":{"start":{"line":331,"column":0},"end":{"line":331,"column":71}},"331":{"start":{"line":332,"column":0},"end":{"line":332,"column":24}},"334":{"start":{"line":335,"column":0},"end":{"line":335,"column":68}},"336":{"start":{"line":337,"column":0},"end":{"line":337,"column":15}},"337":{"start":{"line":338,"column":0},"end":{"line":338,"column":1}},"340":{"start":{"line":341,"column":0},"end":{"line":341,"column":30}},"341":{"start":{"line":342,"column":0},"end":{"line":342,"column":18}},"342":{"start":{"line":343,"column":0},"end":{"line":343,"column":29}},"343":{"start":{"line":344,"column":0},"end":{"line":344,"column":19}},"344":{"start":{"line":345,"column":0},"end":{"line":345,"column":23}},"345":{"start":{"line":346,"column":0},"end":{"line":346,"column":23}},"346":{"start":{"line":347,"column":0},"end":{"line":347,"column":107}},"348":{"start":{"line":349,"column":0},"end":{"line":349,"column":93}},"349":{"start":{"line":350,"column":0},"end":{"line":350,"column":48}},"350":{"start":{"line":351,"column":0},"end":{"line":351,"column":49}},"351":{"start":{"line":352,"column":0},"end":{"line":352,"column":49}},"352":{"start":{"line":353,"column":0},"end":{"line":353,"column":50}},"353":{"start":{"line":354,"column":0},"end":{"line":354,"column":53}},"354":{"start":{"line":355,"column":0},"end":{"line":355,"column":54}},"355":{"start":{"line":356,"column":0},"end":{"line":356,"column":58}},"356":{"start":{"line":357,"column":0},"end":{"line":357,"column":49}},"357":{"start":{"line":358,"column":0},"end":{"line":358,"column":62}},"358":{"start":{"line":359,"column":0},"end":{"line":359,"column":55}},"359":{"start":{"line":360,"column":0},"end":{"line":360,"column":55}},"360":{"start":{"line":361,"column":0},"end":{"line":361,"column":55}},"361":{"start":{"line":362,"column":0},"end":{"line":362,"column":4}},"364":{"start":{"line":365,"column":0},"end":{"line":365,"column":80}},"367":{"start":{"line":368,"column":0},"end":{"line":368,"column":88}},"370":{"start":{"line":371,"column":0},"end":{"line":371,"column":76}},"373":{"start":{"line":374,"column":0},"end":{"line":374,"column":52}},"374":{"start":{"line":375,"column":0},"end":{"line":375,"column":21}},"375":{"start":{"line":376,"column":0},"end":{"line":376,"column":24}},"376":{"start":{"line":377,"column":0},"end":{"line":377,"column":22}},"377":{"start":{"line":378,"column":0},"end":{"line":378,"column":17}},"378":{"start":{"line":379,"column":0},"end":{"line":379,"column":15}},"379":{"start":{"line":380,"column":0},"end":{"line":380,"column":4}},"380":{"start":{"line":381,"column":0},"end":{"line":381,"column":85}},"383":{"start":{"line":384,"column":0},"end":{"line":384,"column":24}},"384":{"start":{"line":385,"column":0},"end":{"line":385,"column":21}},"385":{"start":{"line":386,"column":0},"end":{"line":386,"column":43}},"386":{"start":{"line":387,"column":0},"end":{"line":387,"column":76}},"387":{"start":{"line":388,"column":0},"end":{"line":388,"column":85}},"388":{"start":{"line":389,"column":0},"end":{"line":389,"column":83}},"389":{"start":{"line":390,"column":0},"end":{"line":390,"column":79}},"390":{"start":{"line":391,"column":0},"end":{"line":391,"column":3}},"392":{"start":{"line":393,"column":0},"end":{"line":393,"column":87}},"395":{"start":{"line":396,"column":0},"end":{"line":396,"column":142}},"396":{"start":{"line":397,"column":0},"end":{"line":397,"column":142}},"399":{"start":{"line":400,"column":0},"end":{"line":400,"column":28}},"400":{"start":{"line":401,"column":0},"end":{"line":401,"column":70}},"402":{"start":{"line":403,"column":0},"end":{"line":403,"column":10}},"403":{"start":{"line":404,"column":0},"end":{"line":404,"column":60}},"404":{"start":{"line":405,"column":0},"end":{"line":405,"column":60}},"405":{"start":{"line":406,"column":0},"end":{"line":406,"column":91}},"406":{"start":{"line":407,"column":0},"end":{"line":407,"column":80}},"407":{"start":{"line":408,"column":0},"end":{"line":408,"column":4}},"408":{"start":{"line":409,"column":0},"end":{"line":409,"column":1}},"411":{"start":{"line":412,"column":0},"end":{"line":412,"column":35}},"412":{"start":{"line":413,"column":0},"end":{"line":413,"column":21}},"413":{"start":{"line":414,"column":0},"end":{"line":414,"column":68}},"414":{"start":{"line":415,"column":0},"end":{"line":415,"column":51}},"421":{"start":{"line":422,"column":0},"end":{"line":422,"column":3}},"423":{"start":{"line":424,"column":0},"end":{"line":424,"column":32}},"424":{"start":{"line":425,"column":0},"end":{"line":425,"column":100}},"425":{"start":{"line":426,"column":0},"end":{"line":426,"column":98}},"426":{"start":{"line":427,"column":0},"end":{"line":427,"column":52}},"427":{"start":{"line":428,"column":0},"end":{"line":428,"column":115}},"428":{"start":{"line":429,"column":0},"end":{"line":429,"column":29}},"429":{"start":{"line":430,"column":0},"end":{"line":430,"column":20}},"432":{"start":{"line":433,"column":0},"end":{"line":433,"column":33}},"433":{"start":{"line":434,"column":0},"end":{"line":434,"column":31}},"434":{"start":{"line":435,"column":0},"end":{"line":435,"column":33}},"435":{"start":{"line":436,"column":0},"end":{"line":436,"column":29}},"437":{"start":{"line":438,"column":0},"end":{"line":438,"column":44}},"438":{"start":{"line":439,"column":0},"end":{"line":439,"column":36}},"439":{"start":{"line":440,"column":0},"end":{"line":440,"column":28}},"441":{"start":{"line":442,"column":0},"end":{"line":442,"column":73}},"442":{"start":{"line":443,"column":0},"end":{"line":443,"column":74}},"445":{"start":{"line":446,"column":0},"end":{"line":446,"column":99}},"446":{"start":{"line":447,"column":0},"end":{"line":447,"column":37}},"447":{"start":{"line":448,"column":0},"end":{"line":448,"column":39}},"448":{"start":{"line":449,"column":0},"end":{"line":449,"column":9}},"449":{"start":{"line":450,"column":0},"end":{"line":450,"column":83}},"450":{"start":{"line":451,"column":0},"end":{"line":451,"column":37}},"451":{"start":{"line":452,"column":0},"end":{"line":452,"column":9}},"452":{"start":{"line":453,"column":0},"end":{"line":453,"column":14}},"454":{"start":{"line":455,"column":0},"end":{"line":455,"column":25}},"456":{"start":{"line":457,"column":0},"end":{"line":457,"column":73}},"457":{"start":{"line":458,"column":0},"end":{"line":458,"column":78}},"460":{"start":{"line":461,"column":0},"end":{"line":461,"column":89}},"461":{"start":{"line":462,"column":0},"end":{"line":462,"column":52}},"464":{"start":{"line":465,"column":0},"end":{"line":465,"column":135}},"465":{"start":{"line":466,"column":0},"end":{"line":466,"column":49}},"466":{"start":{"line":467,"column":0},"end":{"line":467,"column":14}},"468":{"start":{"line":469,"column":0},"end":{"line":469,"column":23}},"469":{"start":{"line":470,"column":0},"end":{"line":470,"column":56}},"470":{"start":{"line":471,"column":0},"end":{"line":471,"column":61}},"471":{"start":{"line":472,"column":0},"end":{"line":472,"column":45}},"473":{"start":{"line":474,"column":0},"end":{"line":474,"column":57}},"474":{"start":{"line":475,"column":0},"end":{"line":475,"column":14}},"476":{"start":{"line":477,"column":0},"end":{"line":477,"column":26}},"477":{"start":{"line":478,"column":0},"end":{"line":478,"column":63}},"478":{"start":{"line":479,"column":0},"end":{"line":479,"column":37}},"479":{"start":{"line":480,"column":0},"end":{"line":480,"column":38}},"480":{"start":{"line":481,"column":0},"end":{"line":481,"column":68}},"481":{"start":{"line":482,"column":0},"end":{"line":482,"column":39}},"482":{"start":{"line":483,"column":0},"end":{"line":483,"column":9}},"483":{"start":{"line":484,"column":0},"end":{"line":484,"column":14}},"485":{"start":{"line":486,"column":0},"end":{"line":486,"column":23}},"487":{"start":{"line":488,"column":0},"end":{"line":488,"column":35}},"488":{"start":{"line":489,"column":0},"end":{"line":489,"column":14}},"490":{"start":{"line":491,"column":0},"end":{"line":491,"column":20}},"492":{"start":{"line":493,"column":0},"end":{"line":493,"column":35}},"493":{"start":{"line":494,"column":0},"end":{"line":494,"column":14}},"495":{"start":{"line":496,"column":0},"end":{"line":496,"column":20}},"496":{"start":{"line":497,"column":0},"end":{"line":497,"column":98}},"497":{"start":{"line":498,"column":0},"end":{"line":498,"column":59}},"498":{"start":{"line":499,"column":0},"end":{"line":499,"column":14}},"499":{"start":{"line":500,"column":0},"end":{"line":500,"column":5}},"500":{"start":{"line":501,"column":0},"end":{"line":501,"column":3}},"503":{"start":{"line":504,"column":0},"end":{"line":504,"column":80}},"504":{"start":{"line":505,"column":0},"end":{"line":505,"column":74}},"505":{"start":{"line":506,"column":0},"end":{"line":506,"column":80}},"506":{"start":{"line":507,"column":0},"end":{"line":507,"column":78}},"508":{"start":{"line":509,"column":0},"end":{"line":509,"column":50}},"509":{"start":{"line":510,"column":0},"end":{"line":510,"column":62}},"510":{"start":{"line":511,"column":0},"end":{"line":511,"column":58}},"511":{"start":{"line":512,"column":0},"end":{"line":512,"column":62}},"512":{"start":{"line":513,"column":0},"end":{"line":513,"column":14}},"513":{"start":{"line":514,"column":0},"end":{"line":514,"column":26}},"514":{"start":{"line":515,"column":0},"end":{"line":515,"column":4}},"516":{"start":{"line":517,"column":0},"end":{"line":517,"column":56}},"517":{"start":{"line":518,"column":0},"end":{"line":518,"column":56}},"518":{"start":{"line":519,"column":0},"end":{"line":519,"column":52}},"519":{"start":{"line":520,"column":0},"end":{"line":520,"column":56}},"520":{"start":{"line":521,"column":0},"end":{"line":521,"column":44}},"521":{"start":{"line":522,"column":0},"end":{"line":522,"column":26}},"522":{"start":{"line":523,"column":0},"end":{"line":523,"column":4}},"524":{"start":{"line":525,"column":0},"end":{"line":525,"column":97}},"526":{"start":{"line":527,"column":0},"end":{"line":527,"column":36}},"527":{"start":{"line":528,"column":0},"end":{"line":528,"column":80}},"528":{"start":{"line":529,"column":0},"end":{"line":529,"column":74}},"529":{"start":{"line":530,"column":0},"end":{"line":530,"column":80}},"530":{"start":{"line":531,"column":0},"end":{"line":531,"column":55}},"531":{"start":{"line":532,"column":0},"end":{"line":532,"column":72}},"532":{"start":{"line":533,"column":0},"end":{"line":533,"column":4}},"534":{"start":{"line":535,"column":0},"end":{"line":535,"column":50}},"535":{"start":{"line":536,"column":0},"end":{"line":536,"column":62}},"536":{"start":{"line":537,"column":0},"end":{"line":537,"column":62}},"537":{"start":{"line":538,"column":0},"end":{"line":538,"column":26}},"538":{"start":{"line":539,"column":0},"end":{"line":539,"column":4}},"541":{"start":{"line":542,"column":0},"end":{"line":542,"column":63}},"542":{"start":{"line":543,"column":0},"end":{"line":543,"column":65}},"543":{"start":{"line":544,"column":0},"end":{"line":544,"column":52}},"544":{"start":{"line":545,"column":0},"end":{"line":545,"column":51}},"545":{"start":{"line":546,"column":0},"end":{"line":546,"column":86}},"546":{"start":{"line":547,"column":0},"end":{"line":547,"column":55}},"548":{"start":{"line":549,"column":0},"end":{"line":549,"column":14}},"549":{"start":{"line":550,"column":0},"end":{"line":550,"column":22}},"550":{"start":{"line":551,"column":0},"end":{"line":551,"column":33}},"551":{"start":{"line":552,"column":0},"end":{"line":552,"column":60}},"552":{"start":{"line":553,"column":0},"end":{"line":553,"column":44}},"553":{"start":{"line":554,"column":0},"end":{"line":554,"column":60}},"554":{"start":{"line":555,"column":0},"end":{"line":555,"column":60}},"555":{"start":{"line":556,"column":0},"end":{"line":556,"column":8}},"556":{"start":{"line":557,"column":0},"end":{"line":557,"column":7}},"557":{"start":{"line":558,"column":0},"end":{"line":558,"column":3}},"559":{"start":{"line":560,"column":0},"end":{"line":560,"column":10}},"560":{"start":{"line":561,"column":0},"end":{"line":561,"column":20}},"561":{"start":{"line":562,"column":0},"end":{"line":562,"column":26}},"562":{"start":{"line":563,"column":0},"end":{"line":563,"column":16}},"563":{"start":{"line":564,"column":0},"end":{"line":564,"column":23}},"564":{"start":{"line":565,"column":0},"end":{"line":565,"column":20}},"565":{"start":{"line":566,"column":0},"end":{"line":566,"column":4}},"566":{"start":{"line":567,"column":0},"end":{"line":567,"column":1}},"569":{"start":{"line":570,"column":0},"end":{"line":570,"column":84}},"570":{"start":{"line":571,"column":0},"end":{"line":571,"column":10}},"571":{"start":{"line":572,"column":0},"end":{"line":572,"column":15}},"572":{"start":{"line":573,"column":0},"end":{"line":573,"column":21}},"573":{"start":{"line":574,"column":0},"end":{"line":574,"column":51}},"574":{"start":{"line":575,"column":0},"end":{"line":575,"column":36}},"575":{"start":{"line":576,"column":0},"end":{"line":576,"column":33}},"576":{"start":{"line":577,"column":0},"end":{"line":577,"column":39}},"577":{"start":{"line":578,"column":0},"end":{"line":578,"column":35}},"578":{"start":{"line":579,"column":0},"end":{"line":579,"column":59}},"579":{"start":{"line":580,"column":0},"end":{"line":580,"column":59}},"580":{"start":{"line":581,"column":0},"end":{"line":581,"column":41}},"581":{"start":{"line":582,"column":0},"end":{"line":582,"column":41}},"582":{"start":{"line":583,"column":0},"end":{"line":583,"column":53}},"583":{"start":{"line":584,"column":0},"end":{"line":584,"column":53}},"584":{"start":{"line":585,"column":0},"end":{"line":585,"column":68}},"585":{"start":{"line":586,"column":0},"end":{"line":586,"column":65}},"586":{"start":{"line":587,"column":0},"end":{"line":587,"column":43}},"587":{"start":{"line":588,"column":0},"end":{"line":588,"column":43}},"588":{"start":{"line":589,"column":0},"end":{"line":589,"column":4}},"589":{"start":{"line":590,"column":0},"end":{"line":590,"column":1}},"591":{"start":{"line":592,"column":0},"end":{"line":592,"column":114}},"592":{"start":{"line":593,"column":0},"end":{"line":593,"column":10}},"593":{"start":{"line":594,"column":0},"end":{"line":594,"column":15}},"594":{"start":{"line":595,"column":0},"end":{"line":595,"column":19}},"595":{"start":{"line":596,"column":0},"end":{"line":596,"column":33}},"596":{"start":{"line":597,"column":0},"end":{"line":597,"column":47}},"597":{"start":{"line":598,"column":0},"end":{"line":598,"column":85}},"598":{"start":{"line":599,"column":0},"end":{"line":599,"column":35}},"599":{"start":{"line":600,"column":0},"end":{"line":600,"column":43}},"600":{"start":{"line":601,"column":0},"end":{"line":601,"column":41}},"601":{"start":{"line":602,"column":0},"end":{"line":602,"column":53}},"602":{"start":{"line":603,"column":0},"end":{"line":603,"column":41}},"603":{"start":{"line":604,"column":0},"end":{"line":604,"column":55}},"604":{"start":{"line":605,"column":0},"end":{"line":605,"column":49}},"605":{"start":{"line":606,"column":0},"end":{"line":606,"column":74}},"606":{"start":{"line":607,"column":0},"end":{"line":607,"column":73}},"607":{"start":{"line":608,"column":0},"end":{"line":608,"column":43}},"608":{"start":{"line":609,"column":0},"end":{"line":609,"column":56}},"609":{"start":{"line":610,"column":0},"end":{"line":610,"column":4}},"610":{"start":{"line":611,"column":0},"end":{"line":611,"column":1}},"612":{"start":{"line":613,"column":0},"end":{"line":613,"column":88}},"613":{"start":{"line":614,"column":0},"end":{"line":614,"column":10}},"614":{"start":{"line":615,"column":0},"end":{"line":615,"column":15}},"615":{"start":{"line":616,"column":0},"end":{"line":616,"column":21}},"616":{"start":{"line":617,"column":0},"end":{"line":617,"column":35}},"617":{"start":{"line":618,"column":0},"end":{"line":618,"column":42}},"618":{"start":{"line":619,"column":0},"end":{"line":619,"column":38}},"619":{"start":{"line":620,"column":0},"end":{"line":620,"column":54}},"620":{"start":{"line":621,"column":0},"end":{"line":621,"column":46}},"621":{"start":{"line":622,"column":0},"end":{"line":622,"column":43}},"622":{"start":{"line":623,"column":0},"end":{"line":623,"column":4}},"623":{"start":{"line":624,"column":0},"end":{"line":624,"column":1}},"625":{"start":{"line":626,"column":0},"end":{"line":626,"column":50}},"626":{"start":{"line":627,"column":0},"end":{"line":627,"column":45}},"627":{"start":{"line":628,"column":0},"end":{"line":628,"column":53}},"628":{"start":{"line":629,"column":0},"end":{"line":629,"column":39}},"629":{"start":{"line":630,"column":0},"end":{"line":630,"column":3}},"631":{"start":{"line":632,"column":0},"end":{"line":632,"column":65}},"632":{"start":{"line":633,"column":0},"end":{"line":633,"column":83}},"633":{"start":{"line":634,"column":0},"end":{"line":634,"column":68}},"634":{"start":{"line":635,"column":0},"end":{"line":635,"column":3}},"636":{"start":{"line":637,"column":0},"end":{"line":637,"column":67}},"637":{"start":{"line":638,"column":0},"end":{"line":638,"column":85}},"638":{"start":{"line":639,"column":0},"end":{"line":639,"column":68}},"639":{"start":{"line":640,"column":0},"end":{"line":640,"column":3}},"641":{"start":{"line":642,"column":0},"end":{"line":642,"column":62}},"642":{"start":{"line":643,"column":0},"end":{"line":643,"column":51}},"644":{"start":{"line":645,"column":0},"end":{"line":645,"column":37}},"645":{"start":{"line":646,"column":0},"end":{"line":646,"column":74}},"646":{"start":{"line":647,"column":0},"end":{"line":647,"column":5}},"648":{"start":{"line":649,"column":0},"end":{"line":649,"column":31}},"649":{"start":{"line":650,"column":0},"end":{"line":650,"column":63}},"650":{"start":{"line":651,"column":0},"end":{"line":651,"column":5}},"652":{"start":{"line":653,"column":0},"end":{"line":653,"column":34}},"653":{"start":{"line":654,"column":0},"end":{"line":654,"column":69}},"654":{"start":{"line":655,"column":0},"end":{"line":655,"column":5}},"656":{"start":{"line":657,"column":0},"end":{"line":657,"column":50}},"657":{"start":{"line":658,"column":0},"end":{"line":658,"column":90}},"658":{"start":{"line":659,"column":0},"end":{"line":659,"column":5}},"660":{"start":{"line":661,"column":0},"end":{"line":661,"column":50}},"661":{"start":{"line":662,"column":0},"end":{"line":662,"column":90}},"662":{"start":{"line":663,"column":0},"end":{"line":663,"column":5}},"664":{"start":{"line":665,"column":0},"end":{"line":665,"column":35}},"665":{"start":{"line":666,"column":0},"end":{"line":666,"column":83}},"666":{"start":{"line":667,"column":0},"end":{"line":667,"column":5}},"668":{"start":{"line":669,"column":0},"end":{"line":669,"column":32}},"669":{"start":{"line":670,"column":0},"end":{"line":670,"column":65}},"670":{"start":{"line":671,"column":0},"end":{"line":671,"column":5}},"672":{"start":{"line":673,"column":0},"end":{"line":673,"column":46}},"674":{"start":{"line":675,"column":0},"end":{"line":675,"column":32}},"675":{"start":{"line":676,"column":0},"end":{"line":676,"column":62}},"676":{"start":{"line":677,"column":0},"end":{"line":677,"column":5}},"678":{"start":{"line":679,"column":0},"end":{"line":679,"column":27}},"681":{"start":{"line":682,"column":0},"end":{"line":682,"column":24}},"682":{"start":{"line":683,"column":0},"end":{"line":683,"column":49}},"683":{"start":{"line":684,"column":0},"end":{"line":684,"column":25}},"684":{"start":{"line":685,"column":0},"end":{"line":685,"column":16}},"685":{"start":{"line":686,"column":0},"end":{"line":686,"column":57}},"686":{"start":{"line":687,"column":0},"end":{"line":687,"column":56}},"687":{"start":{"line":688,"column":0},"end":{"line":688,"column":34}},"688":{"start":{"line":689,"column":0},"end":{"line":689,"column":8}},"689":{"start":{"line":690,"column":0},"end":{"line":690,"column":5}},"691":{"start":{"line":692,"column":0},"end":{"line":692,"column":39}},"692":{"start":{"line":693,"column":0},"end":{"line":693,"column":3}},"694":{"start":{"line":695,"column":0},"end":{"line":695,"column":83}},"695":{"start":{"line":696,"column":0},"end":{"line":696,"column":51}},"696":{"start":{"line":697,"column":0},"end":{"line":697,"column":30}},"698":{"start":{"line":699,"column":0},"end":{"line":699,"column":44}},"701":{"start":{"line":702,"column":0},"end":{"line":702,"column":30}},"702":{"start":{"line":703,"column":0},"end":{"line":703,"column":38}},"703":{"start":{"line":704,"column":0},"end":{"line":704,"column":20}},"704":{"start":{"line":705,"column":0},"end":{"line":705,"column":12}},"705":{"start":{"line":706,"column":0},"end":{"line":706,"column":56}},"706":{"start":{"line":707,"column":0},"end":{"line":707,"column":9}},"707":{"start":{"line":708,"column":0},"end":{"line":708,"column":40}},"708":{"start":{"line":709,"column":0},"end":{"line":709,"column":23}},"710":{"start":{"line":711,"column":0},"end":{"line":711,"column":38}},"711":{"start":{"line":712,"column":0},"end":{"line":712,"column":3}},"713":{"start":{"line":714,"column":0},"end":{"line":714,"column":89}},"714":{"start":{"line":715,"column":0},"end":{"line":715,"column":53}},"715":{"start":{"line":716,"column":0},"end":{"line":716,"column":56}},"717":{"start":{"line":718,"column":0},"end":{"line":718,"column":41}},"718":{"start":{"line":719,"column":0},"end":{"line":719,"column":28}},"719":{"start":{"line":720,"column":0},"end":{"line":720,"column":33}},"721":{"start":{"line":722,"column":0},"end":{"line":722,"column":59}},"722":{"start":{"line":723,"column":0},"end":{"line":723,"column":36}},"724":{"start":{"line":725,"column":0},"end":{"line":725,"column":72}},"725":{"start":{"line":726,"column":0},"end":{"line":726,"column":17}},"726":{"start":{"line":727,"column":0},"end":{"line":727,"column":34}},"727":{"start":{"line":728,"column":0},"end":{"line":728,"column":62}},"728":{"start":{"line":729,"column":0},"end":{"line":729,"column":58}},"729":{"start":{"line":730,"column":0},"end":{"line":730,"column":46}},"730":{"start":{"line":731,"column":0},"end":{"line":731,"column":44}},"731":{"start":{"line":732,"column":0},"end":{"line":732,"column":46}},"732":{"start":{"line":733,"column":0},"end":{"line":733,"column":52}},"733":{"start":{"line":734,"column":0},"end":{"line":734,"column":36}},"734":{"start":{"line":735,"column":0},"end":{"line":735,"column":19}},"737":{"start":{"line":738,"column":0},"end":{"line":738,"column":26}},"738":{"start":{"line":739,"column":0},"end":{"line":739,"column":31}},"739":{"start":{"line":740,"column":0},"end":{"line":740,"column":31}},"740":{"start":{"line":741,"column":0},"end":{"line":741,"column":34}},"741":{"start":{"line":742,"column":0},"end":{"line":742,"column":17}},"742":{"start":{"line":743,"column":0},"end":{"line":743,"column":37}},"743":{"start":{"line":744,"column":0},"end":{"line":744,"column":17}},"744":{"start":{"line":745,"column":0},"end":{"line":745,"column":46}},"745":{"start":{"line":746,"column":0},"end":{"line":746,"column":44}},"746":{"start":{"line":747,"column":0},"end":{"line":747,"column":69}},"747":{"start":{"line":748,"column":0},"end":{"line":748,"column":40}},"748":{"start":{"line":749,"column":0},"end":{"line":749,"column":38}},"749":{"start":{"line":750,"column":0},"end":{"line":750,"column":36}},"750":{"start":{"line":751,"column":0},"end":{"line":751,"column":42}},"751":{"start":{"line":752,"column":0},"end":{"line":752,"column":8}},"752":{"start":{"line":753,"column":0},"end":{"line":753,"column":7}},"754":{"start":{"line":755,"column":0},"end":{"line":755,"column":51}},"755":{"start":{"line":756,"column":0},"end":{"line":756,"column":3}},"757":{"start":{"line":758,"column":0},"end":{"line":758,"column":61}},"758":{"start":{"line":759,"column":0},"end":{"line":759,"column":25}},"759":{"start":{"line":760,"column":0},"end":{"line":760,"column":15}},"760":{"start":{"line":761,"column":0},"end":{"line":761,"column":30}},"761":{"start":{"line":762,"column":0},"end":{"line":762,"column":46}},"762":{"start":{"line":763,"column":0},"end":{"line":763,"column":45}},"763":{"start":{"line":764,"column":0},"end":{"line":764,"column":3}},"765":{"start":{"line":766,"column":0},"end":{"line":766,"column":78}},"766":{"start":{"line":767,"column":0},"end":{"line":767,"column":95}},"767":{"start":{"line":768,"column":0},"end":{"line":768,"column":74}},"768":{"start":{"line":769,"column":0},"end":{"line":769,"column":3}},"770":{"start":{"line":771,"column":0},"end":{"line":771,"column":58}},"771":{"start":{"line":772,"column":0},"end":{"line":772,"column":44}},"772":{"start":{"line":773,"column":0},"end":{"line":773,"column":61}},"775":{"start":{"line":776,"column":0},"end":{"line":776,"column":53}},"776":{"start":{"line":777,"column":0},"end":{"line":777,"column":53}},"777":{"start":{"line":778,"column":0},"end":{"line":778,"column":30}},"778":{"start":{"line":779,"column":0},"end":{"line":779,"column":80}},"779":{"start":{"line":780,"column":0},"end":{"line":780,"column":7}},"781":{"start":{"line":782,"column":0},"end":{"line":782,"column":60}},"782":{"start":{"line":783,"column":0},"end":{"line":783,"column":14}},"783":{"start":{"line":784,"column":0},"end":{"line":784,"column":45}},"784":{"start":{"line":785,"column":0},"end":{"line":785,"column":102}},"785":{"start":{"line":786,"column":0},"end":{"line":786,"column":8}},"788":{"start":{"line":789,"column":0},"end":{"line":789,"column":111}},"789":{"start":{"line":790,"column":0},"end":{"line":790,"column":101}},"791":{"start":{"line":792,"column":0},"end":{"line":792,"column":30}},"792":{"start":{"line":793,"column":0},"end":{"line":793,"column":46}},"793":{"start":{"line":794,"column":0},"end":{"line":794,"column":52}},"794":{"start":{"line":795,"column":0},"end":{"line":795,"column":47}},"795":{"start":{"line":796,"column":0},"end":{"line":796,"column":42}},"796":{"start":{"line":797,"column":0},"end":{"line":797,"column":25}},"797":{"start":{"line":798,"column":0},"end":{"line":798,"column":9}},"798":{"start":{"line":799,"column":0},"end":{"line":799,"column":7}},"800":{"start":{"line":801,"column":0},"end":{"line":801,"column":60}},"801":{"start":{"line":802,"column":0},"end":{"line":802,"column":47}},"802":{"start":{"line":803,"column":0},"end":{"line":803,"column":14}},"803":{"start":{"line":804,"column":0},"end":{"line":804,"column":16}},"804":{"start":{"line":805,"column":0},"end":{"line":805,"column":81}},"805":{"start":{"line":806,"column":0},"end":{"line":806,"column":81}},"806":{"start":{"line":807,"column":0},"end":{"line":807,"column":8}},"807":{"start":{"line":808,"column":0},"end":{"line":808,"column":7}},"810":{"start":{"line":811,"column":0},"end":{"line":811,"column":74}},"811":{"start":{"line":812,"column":0},"end":{"line":812,"column":69}},"813":{"start":{"line":814,"column":0},"end":{"line":814,"column":30}},"814":{"start":{"line":815,"column":0},"end":{"line":815,"column":45}},"815":{"start":{"line":816,"column":0},"end":{"line":816,"column":23}},"816":{"start":{"line":817,"column":0},"end":{"line":817,"column":43}},"817":{"start":{"line":818,"column":0},"end":{"line":818,"column":7}},"819":{"start":{"line":820,"column":0},"end":{"line":820,"column":47}},"820":{"start":{"line":821,"column":0},"end":{"line":821,"column":41}},"821":{"start":{"line":822,"column":0},"end":{"line":822,"column":14}},"822":{"start":{"line":823,"column":0},"end":{"line":823,"column":13}},"823":{"start":{"line":824,"column":0},"end":{"line":824,"column":27}},"824":{"start":{"line":825,"column":0},"end":{"line":825,"column":83}},"825":{"start":{"line":826,"column":0},"end":{"line":826,"column":8}},"826":{"start":{"line":827,"column":0},"end":{"line":827,"column":7}},"829":{"start":{"line":830,"column":0},"end":{"line":830,"column":62}},"830":{"start":{"line":831,"column":0},"end":{"line":831,"column":12}},"831":{"start":{"line":832,"column":0},"end":{"line":832,"column":36}},"832":{"start":{"line":833,"column":0},"end":{"line":833,"column":40}},"833":{"start":{"line":834,"column":0},"end":{"line":834,"column":8}},"836":{"start":{"line":837,"column":0},"end":{"line":837,"column":45}},"837":{"start":{"line":838,"column":0},"end":{"line":838,"column":87}},"838":{"start":{"line":839,"column":0},"end":{"line":839,"column":10}},"839":{"start":{"line":840,"column":0},"end":{"line":840,"column":54}},"840":{"start":{"line":841,"column":0},"end":{"line":841,"column":93}},"841":{"start":{"line":842,"column":0},"end":{"line":842,"column":10}},"843":{"start":{"line":844,"column":0},"end":{"line":844,"column":12}},"844":{"start":{"line":845,"column":0},"end":{"line":845,"column":32}},"845":{"start":{"line":846,"column":0},"end":{"line":846,"column":40}},"846":{"start":{"line":847,"column":0},"end":{"line":847,"column":46}},"847":{"start":{"line":848,"column":0},"end":{"line":848,"column":23}},"848":{"start":{"line":849,"column":0},"end":{"line":849,"column":26}},"849":{"start":{"line":850,"column":0},"end":{"line":850,"column":27}},"850":{"start":{"line":851,"column":0},"end":{"line":851,"column":20}},"851":{"start":{"line":852,"column":0},"end":{"line":852,"column":22}},"852":{"start":{"line":853,"column":0},"end":{"line":853,"column":6}},"853":{"start":{"line":854,"column":0},"end":{"line":854,"column":3}},"855":{"start":{"line":856,"column":0},"end":{"line":856,"column":55}},"856":{"start":{"line":857,"column":0},"end":{"line":857,"column":43}},"857":{"start":{"line":858,"column":0},"end":{"line":858,"column":3}},"859":{"start":{"line":860,"column":0},"end":{"line":860,"column":64}},"860":{"start":{"line":861,"column":0},"end":{"line":861,"column":25}},"861":{"start":{"line":862,"column":0},"end":{"line":862,"column":15}},"862":{"start":{"line":863,"column":0},"end":{"line":863,"column":22}},"863":{"start":{"line":864,"column":0},"end":{"line":864,"column":41}},"864":{"start":{"line":865,"column":0},"end":{"line":865,"column":20}},"865":{"start":{"line":866,"column":0},"end":{"line":866,"column":37}},"866":{"start":{"line":867,"column":0},"end":{"line":867,"column":3}},"868":{"start":{"line":869,"column":0},"end":{"line":869,"column":40}},"869":{"start":{"line":870,"column":0},"end":{"line":870,"column":87}},"870":{"start":{"line":871,"column":0},"end":{"line":871,"column":41}},"871":{"start":{"line":872,"column":0},"end":{"line":872,"column":3}},"873":{"start":{"line":874,"column":0},"end":{"line":874,"column":57}},"874":{"start":{"line":875,"column":0},"end":{"line":875,"column":51}},"875":{"start":{"line":876,"column":0},"end":{"line":876,"column":33}},"876":{"start":{"line":877,"column":0},"end":{"line":877,"column":79}},"877":{"start":{"line":878,"column":0},"end":{"line":878,"column":13}},"878":{"start":{"line":879,"column":0},"end":{"line":879,"column":5}},"880":{"start":{"line":881,"column":0},"end":{"line":881,"column":66}},"882":{"start":{"line":883,"column":0},"end":{"line":883,"column":28}},"883":{"start":{"line":884,"column":0},"end":{"line":884,"column":37}},"884":{"start":{"line":885,"column":0},"end":{"line":885,"column":62}},"885":{"start":{"line":886,"column":0},"end":{"line":886,"column":72}},"886":{"start":{"line":887,"column":0},"end":{"line":887,"column":45}},"887":{"start":{"line":888,"column":0},"end":{"line":888,"column":16}},"889":{"start":{"line":890,"column":0},"end":{"line":890,"column":44}},"891":{"start":{"line":892,"column":0},"end":{"line":892,"column":25}},"892":{"start":{"line":893,"column":0},"end":{"line":893,"column":33}},"893":{"start":{"line":894,"column":0},"end":{"line":894,"column":44}},"894":{"start":{"line":895,"column":0},"end":{"line":895,"column":42}},"895":{"start":{"line":896,"column":0},"end":{"line":896,"column":45}},"896":{"start":{"line":897,"column":0},"end":{"line":897,"column":34}},"897":{"start":{"line":898,"column":0},"end":{"line":898,"column":40}},"898":{"start":{"line":899,"column":0},"end":{"line":899,"column":50}},"899":{"start":{"line":900,"column":0},"end":{"line":900,"column":28}},"900":{"start":{"line":901,"column":0},"end":{"line":901,"column":30}},"901":{"start":{"line":902,"column":0},"end":{"line":902,"column":50}},"902":{"start":{"line":903,"column":0},"end":{"line":903,"column":44}},"903":{"start":{"line":904,"column":0},"end":{"line":904,"column":27}},"904":{"start":{"line":905,"column":0},"end":{"line":905,"column":43}},"905":{"start":{"line":906,"column":0},"end":{"line":906,"column":44}},"906":{"start":{"line":907,"column":0},"end":{"line":907,"column":43}},"907":{"start":{"line":908,"column":0},"end":{"line":908,"column":53}},"908":{"start":{"line":909,"column":0},"end":{"line":909,"column":48}},"909":{"start":{"line":910,"column":0},"end":{"line":910,"column":36}},"910":{"start":{"line":911,"column":0},"end":{"line":911,"column":9}},"911":{"start":{"line":912,"column":0},"end":{"line":912,"column":5}},"914":{"start":{"line":915,"column
[...]
tart":{"line":474,"column":0},"end":{"line":474,"column":28}},"474":{"start":{"line":475,"column":0},"end":{"line":475,"column":30}},"475":{"start":{"line":476,"column":0},"end":{"line":476,"column":26}},"476":{"start":{"line":477,"column":0},"end":{"line":477,"column":36}},"477":{"start":{"line":478,"column":0},"end":{"line":478,"column":3}},"481":{"start":{"line":482,"column":0},"end":{"line":482,"column":50}},"482":{"start":{"line":483,"column":0},"end":{"line":483,"column":20}},"483":{"start":{"line":484,"column":0},"end":{"line":484,"column":20}},"484":{"start":{"line":485,"column":0},"end":{"line":485,"column":30}},"485":{"start":{"line":486,"column":0},"end":{"line":486,"column":3}},"489":{"start":{"line":490,"column":0},"end":{"line":490,"column":55}},"490":{"start":{"line":491,"column":0},"end":{"line":491,"column":20}},"491":{"start":{"line":492,"column":0},"end":{"line":492,"column":28}},"492":{"start":{"line":493,"column":0},"end":{"line":493,"column":34}},"493":{"start":{"line":494,"column":0},"end":{"line":494,"column":20}},"494":{"start":{"line":495,"column":0},"end":{"line":495,"column":30}},"495":{"start":{"line":496,"column":0},"end":{"line":496,"column":30}},"496":{"start":{"line":497,"column":0},"end":{"line":497,"column":3}},"500":{"start":{"line":501,"column":0},"end":{"line":501,"column":100}},"501":{"start":{"line":502,"column":0},"end":{"line":502,"column":11}},"502":{"start":{"line":503,"column":0},"end":{"line":503,"column":18}},"503":{"start":{"line":504,"column":0},"end":{"line":504,"column":20}},"504":{"start":{"line":505,"column":0},"end":{"line":505,"column":3}},"512":{"start":{"line":513,"column":0},"end":{"line":513,"column":53}},"513":{"start":{"line":514,"column":0},"end":{"line":514,"column":65}},"516":{"start":{"line":517,"column":0},"end":{"line":517,"column":33}},"519":{"start":{"line":520,"column":0},"end":{"line":520,"column":58}},"520":{"start":{"line":521,"column":0},"end":{"line":521,"column":71}},"523":{"start":{"line":524,"column":0},"end":{"line":524,"column":82}},"526":{"start":{"line":527,"column":0},"end":{"line":527,"column":39}},"527":{"start":{"line":528,"column":0},"end":{"line":528,"column":58}},"530":{"start":{"line":531,"column":0},"end":{"line":531,"column":72}},"533":{"start":{"line":534,"column":0},"end":{"line":534,"column":41}},"534":{"start":{"line":535,"column":0},"end":{"line":535,"column":38}},"537":{"start":{"line":538,"column":0},"end":{"line":538,"column":48}},"538":{"start":{"line":539,"column":0},"end":{"line":539,"column":51}},"539":{"start":{"line":540,"column":0},"end":{"line":540,"column":41}},"540":{"start":{"line":541,"column":0},"end":{"line":541,"column":49}},"543":{"start":{"line":544,"column":0},"end":{"line":544,"column":46}},"544":{"start":{"line":545,"column":0},"end":{"line":545,"column":60}},"545":{"start":{"line":546,"column":0},"end":{"line":546,"column":3}},"548":{"start":{"line":549,"column":0},"end":{"line":549,"column":46}},"549":{"start":{"line":550,"column":0},"end":{"line":550,"column":43}},"550":{"start":{"line":551,"column":0},"end":{"line":551,"column":49}},"551":{"start":{"line":552,"column":0},"end":{"line":552,"column":55}},"552":{"start":{"line":553,"column":0},"end":{"line":553,"column":29}},"553":{"start":{"line":554,"column":0},"end":{"line":554,"column":31}},"554":{"start":{"line":555,"column":0},"end":{"line":555,"column":31}},"555":{"start":{"line":556,"column":0},"end":{"line":556,"column":16}},"556":{"start":{"line":557,"column":0},"end":{"line":557,"column":49}},"557":{"start":{"line":558,"column":0},"end":{"line":558,"column":41}},"558":{"start":{"line":559,"column":0},"end":{"line":559,"column":51}},"559":{"start":{"line":560,"column":0},"end":{"line":560,"column":3}},"563":{"start":{"line":564,"column":0},"end":{"line":564,"column":48}},"564":{"start":{"line":565,"column":0},"end":{"line":565,"column":74}},"565":{"start":{"line":566,"column":0},"end":{"line":566,"column":29}},"566":{"start":{"line":567,"column":0},"end":{"line":567,"column":30}},"567":{"start":{"line":568,"column":0},"end":{"line":568,"column":25}},"568":{"start":{"line":569,"column":0},"end":{"line":569,"column":24}},"569":{"start":{"line":570,"column":0},"end":{"line":570,"column":3}},"573":{"start":{"line":574,"column":0},"end":{"line":574,"column":76}},"574":{"start":{"line":575,"column":0},"end":{"line":575,"column":11}},"575":{"start":{"line":576,"column":0},"end":{"line":576,"column":18}},"576":{"start":{"line":577,"column":0},"end":{"line":577,"column":3}},"584":{"start":{"line":585,"column":0},"end":{"line":585,"column":44}},"585":{"start":{"line":586,"column":0},"end":{"line":586,"column":17}},"586":{"start":{"line":587,"column":0},"end":{"line":587,"column":20}},"587":{"start":{"line":588,"column":0},"end":{"line":588,"column":38}},"588":{"start":{"line":589,"column":0},"end":{"line":589,"column":28}},"589":{"start":{"line":590,"column":0},"end":{"line":590,"column":37}},"590":{"start":{"line":591,"column":0},"end":{"line":591,"column":40}},"591":{"start":{"line":592,"column":0},"end":{"line":592,"column":38}},"592":{"start":{"line":593,"column":0},"end":{"line":593,"column":50}},"593":{"start":{"line":594,"column":0},"end":{"line":594,"column":50}},"594":{"start":{"line":595,"column":0},"end":{"line":595,"column":41}},"595":{"start":{"line":596,"column":0},"end":{"line":596,"column":41}},"596":{"start":{"line":597,"column":0},"end":{"line":597,"column":47}},"597":{"start":{"line":598,"column":0},"end":{"line":598,"column":47}},"598":{"start":{"line":599,"column":0},"end":{"line":599,"column":43}},"599":{"start":{"line":600,"column":0},"end":{"line":600,"column":57}},"600":{"start":{"line":601,"column":0},"end":{"line":601,"column":24}},"601":{"start":{"line":602,"column":0},"end":{"line":602,"column":24}},"602":{"start":{"line":603,"column":0},"end":{"line":603,"column":3}},"607":{"start":{"line":608,"column":0},"end":{"line":608,"column":54}},"608":{"start":{"line":609,"column":0},"end":{"line":609,"column":17}},"609":{"start":{"line":610,"column":0},"end":{"line":610,"column":19}},"610":{"start":{"line":611,"column":0},"end":{"line":611,"column":37}},"611":{"start":{"line":612,"column":0},"end":{"line":612,"column":44}},"612":{"start":{"line":613,"column":0},"end":{"line":613,"column":57}},"613":{"start":{"line":614,"column":0},"end":{"line":614,"column":36}},"614":{"start":{"line":615,"column":0},"end":{"line":615,"column":58}},"615":{"start":{"line":616,"column":0},"end":{"line":616,"column":47}},"616":{"start":{"line":617,"column":0},"end":{"line":617,"column":53}},"617":{"start":{"line":618,"column":0},"end":{"line":618,"column":44}},"618":{"start":{"line":619,"column":0},"end":{"line":619,"column":58}},"619":{"start":{"line":620,"column":0},"end":{"line":620,"column":69}},"620":{"start":{"line":621,"column":0},"end":{"line":621,"column":60}},"621":{"start":{"line":622,"column":0},"end":{"line":622,"column":64}},"622":{"start":{"line":623,"column":0},"end":{"line":623,"column":24}},"623":{"start":{"line":624,"column":0},"end":{"line":624,"column":37}},"624":{"start":{"line":625,"column":0},"end":{"line":625,"column":3}},"629":{"start":{"line":630,"column":0},"end":{"line":630,"column":47}},"630":{"start":{"line":631,"column":0},"end":{"line":631,"column":17}},"631":{"start":{"line":632,"column":0},"end":{"line":632,"column":20}},"632":{"start":{"line":633,"column":0},"end":{"line":633,"column":38}},"633":{"start":{"line":634,"column":0},"end":{"line":634,"column":43}},"634":{"start":{"line":635,"column":0},"end":{"line":635,"column":26}},"635":{"start":{"line":636,"column":0},"end":{"line":636,"column":48}},"636":{"start":{"line":637,"column":0},"end":{"line":637,"column":62}},"637":{"start":{"line":638,"column":0},"end":{"line":638,"column":30}},"638":{"start":{"line":639,"column":0},"end":{"line":639,"column":24}},"639":{"start":{"line":640,"column":0},"end":{"line":640,"column":3}},"644":{"start":{"line":645,"column":0},"end":{"line":645,"column":52}},"645":{"start":{"line":646,"column":0},"end":{"line":646,"column":20}},"646":{"start":{"line":647,"column":0},"end":{"line":647,"column":38}},"647":{"start":{"line":648,"column":0},"end":{"line":648,"column":28}},"648":{"start":{"line":649,"column":0},"end":{"line":649,"column":37}},"649":{"start":{"line":650,"column":0},"end":{"line":650,"column":40}},"650":{"start":{"line":651,"column":0},"end":{"line":651,"column":38}},"651":{"start":{"line":652,"column":0},"end":{"line":652,"column":35}},"652":{"start":{"line":653,"column":0},"end":{"line":653,"column":3}},"657":{"start":{"line":658,"column":0},"end":{"line":658,"column":59}},"658":{"start":{"line":659,"column":0},"end":{"line":659,"column":19}},"659":{"start":{"line":660,"column":0},"end":{"line":660,"column":37}},"660":{"start":{"line":661,"column":0},"end":{"line":661,"column":44}},"661":{"start":{"line":662,"column":0},"end":{"line":662,"column":36}},"662":{"start":{"line":663,"column":0},"end":{"line":663,"column":58}},"663":{"start":{"line":664,"column":0},"end":{"line":664,"column":71}},"664":{"start":{"line":665,"column":0},"end":{"line":665,"column":3}},"669":{"start":{"line":670,"column":0},"end":{"line":670,"column":46}},"670":{"start":{"line":671,"column":0},"end":{"line":671,"column":36}},"671":{"start":{"line":672,"column":0},"end":{"line":672,"column":49}},"672":{"start":{"line":673,"column":0},"end":{"line":673,"column":52}},"673":{"start":{"line":674,"column":0},"end":{"line":674,"column":3}},"680":{"start":{"line":681,"column":0},"end":{"line":681,"column":62}},"681":{"start":{"line":682,"column":0},"end":{"line":682,"column":65}},"684":{"start":{"line":685,"column":0},"end":{"line":685,"column":51}},"685":{"start":{"line":686,"column":0},"end":{"line":686,"column":47}},"688":{"start":{"line":689,"column":0},"end":{"line":689,"column":71}},"691":{"start":{"line":692,"column":0},"end":{"line":692,"column":59}},"692":{"start":{"line":693,"column":0},"end":{"line":693,"column":74}},"695":{"start":{"line":696,"column":0},"end":{"line":696,"column":49}},"696":{"start":{"line":697,"column":0},"end":{"line":697,"column":56}},"697":{"start":{"line":698,"column":0},"end":{"line":698,"column":64}},"698":{"start":{"line":699,"column":0},"end":{"line":699,"column":28}},"701":{"start":{"line":702,"column":0},"end":{"line":702,"column":46}},"702":{"start":{"line":703,"column":0},"end":{"line":703,"column":54}},"705":{"start":{"line":706,"column":0},"end":{"line":706,"column":43}},"706":{"start":{"line":707,"column":0},"end":{"line":707,"column":35}},"709":{"start":{"line":710,"column":0},"end":{"line":710,"column":73}},"712":{"start":{"line":713,"column":0},"end":{"line":713,"column":73}},"715":{"start":{"line":716,"column":0},"end":{"line":716,"column":57}},"716":{"start":{"line":717,"column":0},"end":{"line":717,"column":64}},"717":{"start":{"line":718,"column":0},"end":{"line":718,"column":3}},"720":{"start":{"line":721,"column":0},"end":{"line":721,"column":50}},"721":{"start":{"line":722,"column":0},"end":{"line":722,"column":28}},"722":{"start":{"line":723,"column":0},"end":{"line":723,"column":25}},"723":{"start":{"line":724,"column":0},"end":{"line":724,"column":18}},"724":{"start":{"line":725,"column":0},"end":{"line":725,"column":19}},"725":{"start":{"line":726,"column":0},"end":{"line":726,"column":62}},"726":{"start":{"line":727,"column":0},"end":{"line":727,"column":3}},"730":{"start":{"line":731,"column":0},"end":{"line":731,"column":50}},"731":{"start":{"line":732,"column":0},"end":{"line":732,"column":28}},"732":{"start":{"line":733,"column":0},"end":{"line":733,"column":25}},"733":{"start":{"line":734,"column":0},"end":{"line":734,"column":18}},"734":{"start":{"line":735,"column":0},"end":{"line":735,"column":19}},"735":{"start":{"line":736,"column":0},"end":{"line":736,"column":27}},"736":{"start":{"line":737,"column":0},"end":{"line":737,"column":24}},"737":{"start":{"line":738,"column":0},"end":{"line":738,"column":3}},"741":{"start":{"line":742,"column":0},"end":{"line":742,"column":86}},"742":{"start":{"line":743,"column":0},"end":{"line":743,"column":11}},"743":{"start":{"line":744,"column":0},"end":{"line":744,"column":20}},"744":{"start":{"line":745,"column":0},"end":{"line":745,"column":3}},"750":{"start":{"line":751,"column":0},"end":{"line":751,"column":47}},"751":{"start":{"line":752,"column":0},"end":{"line":752,"column":17}},"752":{"start":{"line":753,"column":0},"end":{"line":753,"column":26}},"753":{"start":{"line":754,"column":0},"end":{"line":754,"column":24}},"754":{"start":{"line":755,"column":0},"end":{"line":755,"column":91}},"755":{"start":{"line":756,"column":0},"end":{"line":756,"column":31}},"756":{"start":{"line":757,"column":0},"end":{"line":757,"column":38}},"757":{"start":{"line":758,"column":0},"end":{"line":758,"column":43}},"758":{"start":{"line":759,"column":0},"end":{"line":759,"column":46}},"759":{"start":{"line":760,"column":0},"end":{"line":760,"column":50}},"760":{"start":{"line":761,"column":0},"end":{"line":761,"column":33}},"761":{"start":{"line":762,"column":0},"end":{"line":762,"column":42}},"762":{"start":{"line":763,"column":0},"end":{"line":763,"column":46}},"763":{"start":{"line":764,"column":0},"end":{"line":764,"column":40}},"764":{"start":{"line":765,"column":0},"end":{"line":765,"column":36}},"765":{"start":{"line":766,"column":0},"end":{"line":766,"column":63}},"766":{"start":{"line":767,"column":0},"end":{"line":767,"column":63}},"767":{"start":{"line":768,"column":0},"end":{"line":768,"column":38}},"768":{"start":{"line":769,"column":0},"end":{"line":769,"column":26}},"769":{"start":{"line":770,"column":0},"end":{"line":770,"column":3}},"774":{"start":{"line":775,"column":0},"end":{"line":775,"column":50}},"775":{"start":{"line":776,"column":0},"end":{"line":776,"column":30}},"776":{"start":{"line":777,"column":0},"end":{"line":777,"column":31}},"777":{"start":{"line":778,"column":0},"end":{"line":778,"column":35}},"778":{"start":{"line":779,"column":0},"end":{"line":779,"column":36}},"779":{"start":{"line":780,"column":0},"end":{"line":780,"column":62}},"780":{"start":{"line":781,"column":0},"end":{"line":781,"column":40}},"781":{"start":{"line":782,"column":0},"end":{"line":782,"column":40}},"782":{"start":{"line":783,"column":0},"end":{"line":783,"column":48}},"783":{"start":{"line":784,"column":0},"end":{"line":784,"column":23}},"784":{"start":{"line":785,"column":0},"end":{"line":785,"column":23}},"785":{"start":{"line":786,"column":0},"end":{"line":786,"column":6}},"786":{"start":{"line":787,"column":0},"end":{"line":787,"column":45}},"787":{"start":{"line":788,"column":0},"end":{"line":788,"column":21}},"788":{"start":{"line":789,"column":0},"end":{"line":789,"column":25}},"789":{"start":{"line":790,"column":0},"end":{"line":790,"column":27}},"790":{"start":{"line":791,"column":0},"end":{"line":791,"column":6}},"791":{"start":{"line":792,"column":0},"end":{"line":792,"column":41}},"792":{"start":{"line":793,"column":0},"end":{"line":793,"column":3}},"797":{"start":{"line":798,"column":0},"end":{"line":798,"column":52}},"798":{"start":{"line":799,"column":0},"end":{"line":799,"column":29}},"799":{"start":{"line":800,"column":0},"end":{"line":800,"column":36}},"800":{"start":{"line":801,"column":0},"end":{"line":801,"column":47}},"801":{"start":{"line":802,"column":0},"end":{"line":802,"column":3}},"806":{"start":{"line":807,"column":0},"end":{"line":807,"column":52}},"807":{"start":{"line":808,"column":0},"end":{"line":808,"column":91}},"808":{"start":{"line":809,"column":0},"end":{"line":809,"column":37}},"809":{"start":{"line":810,"column":0},"end":{"line":810,"column":35}},"810":{"start":{"line":811,"column":0},"end":{"line":811,"column":42}},"811":{"start":{"line":812,"column":0},"end":{"line":812,"column":3}}},"s":{"0":1,"6":1,"7":1,"8":1,"9":1,"10":1,"11":1,"12":1,"13":1,"14":1,"15":1,"16":1,"17":1,"22":1,"23":1,"24":1,"25":1,"26":1,"27":1,"28":1,"29":1,"34":1,"38":1,"39":1,"40":1,"41":1,"42":1,"43":1,"44":1,"45":1,"50":1,"51":1,"52":1,"53":1,"54":1,"55":1,"56":1,"61":1,"62":1,"63":1,"64":1,"65":1,"72":1,"73":1,"74":1,"75":1,"76":1,"77":1,"78":1,"79":1,"80":1,"81":1,"82":1,"85":1,"86":1,"87":1,"90":1,"91":1,"92":1,"93":1,"96":1,"97":1,"100":1,"101":1,"102":1,"104":1,"105":1,"106":1,"107":1,"108":1,"114":1,"115":1,"116":1,"117":1,"120":1,"121":1,"124":1,"127":1,"128":1,"129":1,"132":1,"134":1,"135":1,"137":1,"138":1,"139":1,"140":1,"146":1,"147":1,"148":1,"149":1,"150":1,"151":1,"156":1,"157":1,"158":1,"159":1,"160":1,"165":1,"166":1,"167":1,"168":1,"171":1,"172":1,"173":1,"174":1,"177":1,"178":1,"181":1,"184":1,"186":1,"187":1,"189":1,"190":1,"191":1,"192":1,"198":1,"199":1,"200":1,"201":1,"202":1,"203":1,"204":1,"205":1,"206":1,"207":1,"209":1,"210":1,"211":1,"212":1,"220":1,"221":1,"222":1,"223":1,"224":1,"225":1,"226":1,"227":1,"228":1,"229":1,"230":1,"231":1,"232":1,"233":1,"234":1,"235":1,"236":1,"237":1,"238":1,"239":1,"240":1,"241":1,"246":1,"247":1,"248":1,"249":1,"250":1,"251":1,"252":1,"253":1,"254":1,"255":1,"260":1,"261":1,"262":1,"263":1,"264":1,"265":1,"266":1,"267":1,"268":1,"269":1,"270":1,"271":1,"272":1,"277":1,"278":1,"279":1,"280":1,"281":1,"282":1,"283":1,"284":1,"285":1,"286":1,"287":1,"288":1,"289":1,"290":1,"295":1,"296":1,"297":1,"298":1,"299":1,"300":1,"301":1,"302":1,"303":1,"304":1,"305":1,"306":1,"307":1,"308":1,"309":1,"310":1,"311":1,"312":1,"313":1,"314":1,"315":1,"316":1,"317":1,"318":1,"319":1,"320":1,"325":1,"326":1,"327":1,"328":1,"329":1,"330":1,"331":1,"332":1,"333":1,"334":1,"339":1,"340":1,"341":1,"342":1,"343":1,"345":1,"346":1,"347":1,"348":1,"356":1,"357":1,"358":1,"359":1,"360":1,"361":1,"362":1,"363":1,"364":1,"365":1,"366":1,"367":1,"368":1,"369":1,"374":1,"375":1,"376":1,"379":1,"380":1,"383":1,"384":1,"385":1,"388":1,"389":1,"390":1,"391":1,"394":1,"395":1,"396":1,"399":1,"401":1,"402":1,"403":1,"405":1,"406":1,"407":1,"408":1,"416":1,"417":1,"418":1,"419":1,"422":1,"423":1,"426":1,"429":1,"432":1,"435":1,"438":1,"439":1,"442":1,"444":1,"445":1,"447":1,"448":1,"449":1,"452":1,"453":1,"454":1,"455":1,"456":1,"457":1,"461":1,"462":1,"463":1,"464":1,"465":1,"466":1,"467":1,"471":1,"472":1,"473":1,"474":1,"475":1,"476":1,"477":1,"481":1,"482":1,"483":1,"484":1,"485":1,"489":1,"490":1,"491":1,"492":1,"493":1,"494":1,"495":1,"496":1,"500":1,"501":1,"502":1,"503":1,"504":1,"512":1,"513":1,"516":1,"519":1,"520":1,"523":1,"526":1,"527":1,"530":1,"533":1,"534":1,"537":1,"538":1,"539":1,"540":1,"543":1,"544":1,"545":1,"548":1,"549":1,"550":1,"551":1,"552":1,"553":1,"554":1,"555":1,"556":1,"557":1,"558":1,"559":1,"563":1,"564":1,"565":1,"566":1,"567":1,"568":1,"569":1,"573":1,"574":1,"575":1,"576":1,"584":1,"585":1,"586":1,"587":1,"588":1,"589":1,"590":1,"591":1,"592":1,"593":1,"594":1,"595":1,"596":1,"597":1,"598":1,"599":1,"600":1,"601":1,"602":1,"607":1,"608":1,"609":1,"610":1,"611":1,"612":1,"613":1,"614":1,"615":1,"616":1,"617":1,"618":1,"619":1,"620":1,"621":1,"622":1,"623":1,"624":1,"629":1,"630":1,"631":1,"632":1,"633":1,"634":1,"635":1,"636":1,"637":1,"638":1,"639":1,"644":1,"645":1,"646":1,"647":1,"648":1,"649":1,"650":1,"651":1,"652":1,"657":1,"658":1,"659":1,"660":1,"661":1,"662":1,"663":1,"664":1,"669":1,"670":1,"671":1,"672":1,"673":1,"680":1,"681":1,"684":1,"685":1,"688":1,"691":1,"692":1,"695":1,"696":1,"697":1,"698":1,"701":1,"702":1,"705":1,"706":1,"709":1,"712":1,"715":1,"716":1,"717":1,"720":1,"721":1,"722":1,"723":1,"724":1,"725":1,"726":1,"730":1,"731":1,"732":1,"733":1,"734":1,"735":1,"736":1,"737":1,"741":1,"742":1,"743":1,"744":1,"750":1,"751":1,"752":1,"753":1,"754":1,"755":1,"756":1,"757":1,"758":1,"759":1,"760":1,"761":1,"762":1,"763":1,"764":1,"765":1,"766":1,"767":1,"768":1,"769":1,"774":1,"775":1,"776":1,"777":1,"778":1,"779":1,"780":1,"781":1,"782":1,"783":1,"784":1,"785":1,"786":1,"787":1,"788":1,"789":1,"790":1,"791":1,"792":1,"797":1,"798":1,"799":1,"800":1,"801":1,"806":1,"807":1,"808":1,"809":1,"810":1,"811":1},"branchMap":{},"b":{},"fnMap":{},"f":{}}
}
